[2018-08-25 19:46:28] [INFO   ] discord.client: logging in using static token
[2018-08-25 19:46:29] [INFO   ] discord.gateway: Shard ID 0 has sent the IDENTIFY payload.
[2018-08-25 19:46:30] [INFO   ] discord.gateway: Shard ID 0 has connected to Gateway: gateway-prd-main-j093, discord-sessions-prd-1-13 (Session ID: fcfe597bff7a5e70344ab264bb2f969b).
[2018-08-25 19:47:07] [INFO   ] __main__: 2018-08-25 16:47:08.785000: iWeeti in #putin-guild-and-error-log (Putin support server): -.test
[2018-08-25 19:47:07] [INFO   ] cogs.stats: 2018-08-25 16:47:08.785000: iWeeti#4990 in #putin-guild-and-error-log (Putin support server): -.test
[2018-08-25 19:47:29] [INFO   ] __main__: 2018-08-25 16:47:30.273000: iWeeti in #putin-guild-and-error-log (Putin support server): -.reload image
[2018-08-25 19:47:29] [INFO   ] cogs.stats: 2018-08-25 16:47:30.273000: iWeeti#4990 in #putin-guild-and-error-log (Putin support server): -.reload image
[2018-08-25 19:47:32] [INFO   ] __main__: 2018-08-25 16:47:33.550000: iWeeti in #putin-guild-and-error-log (Putin support server): -.test
[2018-08-25 19:47:32] [INFO   ] cogs.stats: 2018-08-25 16:47:33.550000: iWeeti#4990 in #putin-guild-and-error-log (Putin support server): -.test
[2018-08-25 19:49:45] [INFO   ] __main__: 2018-08-25 16:49:46.023000: iWeeti in #testing-1 (Discord Bot List): -.test
[2018-08-25 19:49:45] [INFO   ] cogs.stats: 2018-08-25 16:49:46.023000: iWeeti#4990 in #testing-1 (Discord Bot List): -.test
[2018-08-25 19:50:20] [INFO   ] __main__: 2018-08-25 16:50:21.566000: iWeeti in #testing-1 (Discord Bot List): -.reload image
[2018-08-25 19:50:20] [INFO   ] cogs.stats: 2018-08-25 16:50:21.566000: iWeeti#4990 in #testing-1 (Discord Bot List): -.reload image
[2018-08-25 19:50:20] [ERROR  ] asyncio: Unclosed client session
client_session: <aiohttp.client.ClientSession object at 0x06F01490>
[2018-08-25 19:50:23] [INFO   ] __main__: 2018-08-25 16:50:24.837000: iWeeti in #testing-1 (Discord Bot List): -.test
[2018-08-25 19:50:23] [INFO   ] cogs.stats: 2018-08-25 16:50:24.837000: iWeeti#4990 in #testing-1 (Discord Bot List): -.test
[2018-08-25 19:51:34] [INFO   ] __main__: 2018-08-25 16:51:34.976000: iWeeti in #testing-1 (Discord Bot List): -.reload image
[2018-08-25 19:51:34] [INFO   ] cogs.stats: 2018-08-25 16:51:34.976000: iWeeti#4990 in #testing-1 (Discord Bot List): -.reload image
[2018-08-25 19:51:35] [INFO   ] __main__: 2018-08-25 16:51:36.434000: iWeeti in #testing-1 (Discord Bot List): -.test
[2018-08-25 19:51:35] [INFO   ] cogs.stats: 2018-08-25 16:51:36.434000: iWeeti#4990 in #testing-1 (Discord Bot List): -.test
[2018-08-25 19:52:30] [INFO   ] __main__: 2018-08-25 16:52:31.538000: iWeeti in #testing-1 (Discord Bot List): -.reload image
[2018-08-25 19:52:30] [INFO   ] cogs.stats: 2018-08-25 16:52:31.538000: iWeeti#4990 in #testing-1 (Discord Bot List): -.reload image
[2018-08-25 19:52:32] [INFO   ] __main__: 2018-08-25 16:52:33.010000: iWeeti in #testing-1 (Discord Bot List): -.test
[2018-08-25 19:52:32] [INFO   ] cogs.stats: 2018-08-25 16:52:33.010000: iWeeti#4990 in #testing-1 (Discord Bot List): -.test
[2018-08-25 19:53:47] [INFO   ] __main__: 2018-08-25 16:53:48.585000: iWeeti in #testing-1 (Discord Bot List): -.reload image
[2018-08-25 19:53:47] [INFO   ] cogs.stats: 2018-08-25 16:53:48.585000: iWeeti#4990 in #testing-1 (Discord Bot List): -.reload image
[2018-08-25 19:53:52] [INFO   ] __main__: 2018-08-25 16:53:53.221000: iWeeti in #testing-1 (Discord Bot List): -.test
[2018-08-25 19:53:52] [INFO   ] cogs.stats: 2018-08-25 16:53:53.221000: iWeeti#4990 in #testing-1 (Discord Bot List): -.test
[2018-08-25 19:54:03] [INFO   ] __main__: 2018-08-25 16:54:03.869000: Mr Chicken™ in #🎵music-commands🎵 (TeGriAi): .slots
[2018-08-25 19:54:03] [INFO   ] cogs.stats: 2018-08-25 16:54:03.869000: Mr Chicken™#9999 in #🎵music-commands🎵 (TeGriAi): .slots
[2018-08-25 19:54:13] [INFO   ] __main__: 2018-08-25 16:54:14.840000: Mr Chicken™ in #🎵music-commands🎵 (TeGriAi): .daily
[2018-08-25 19:54:13] [INFO   ] cogs.stats: 2018-08-25 16:54:14.840000: Mr Chicken™#9999 in #🎵music-commands🎵 (TeGriAi): .daily
[2018-08-25 19:54:17] [INFO   ] __main__: 2018-08-25 16:54:18.905000: Daddy Derrick in #bot-commands (Freezer Games): .slots 3272984729
[2018-08-25 19:54:17] [INFO   ] cogs.stats: 2018-08-25 16:54:18.905000: Daddy Derrick#5000 in #bot-commands (Freezer Games): .slots 3272984729
[2018-08-25 19:54:25] [INFO   ] __main__: 2018-08-25 16:54:26.544000: Daddy Derrick in #bot-commands (Freezer Games): .slots 36861429271703028889154916520468743908392697856
[2018-08-25 19:54:25] [INFO   ] cogs.stats: 2018-08-25 16:54:26.544000: Daddy Derrick#5000 in #bot-commands (Freezer Games): .slots 36861429271703028889154916520468743908392697856
[2018-08-25 19:54:29] [INFO   ] __main__: 2018-08-25 16:54:30.077000: Daddy Derrick in #bot-commands (Freezer Games): .slots 36861429271703028889154916520468743908392697856
[2018-08-25 19:54:29] [INFO   ] cogs.stats: 2018-08-25 16:54:30.077000: Daddy Derrick#5000 in #bot-commands (Freezer Games): .slots 36861429271703028889154916520468743908392697856
[2018-08-25 19:54:32] [INFO   ] __main__: 2018-08-25 16:54:33.264000: Daddy Derrick in #bot-commands (Freezer Games): .slots 36861429271703028889154916520468743908392697856
[2018-08-25 19:54:32] [INFO   ] cogs.stats: 2018-08-25 16:54:33.264000: Daddy Derrick#5000 in #bot-commands (Freezer Games): .slots 36861429271703028889154916520468743908392697856
[2018-08-25 19:54:35] [INFO   ] __main__: 2018-08-25 16:54:36.252000: Daddy Derrick in #bot-commands (Freezer Games): .money
[2018-08-25 19:54:35] [INFO   ] cogs.stats: 2018-08-25 16:54:36.252000: Daddy Derrick#5000 in #bot-commands (Freezer Games): .money
[2018-08-25 19:54:37] [INFO   ] __main__: 2018-08-25 16:54:38.706000: Daddy Derrick in #bot-commands (Freezer Games): .slots 36861429271703028889154916520468743908392697856
[2018-08-25 19:54:37] [INFO   ] cogs.stats: 2018-08-25 16:54:38.706000: Daddy Derrick#5000 in #bot-commands (Freezer Games): .slots 36861429271703028889154916520468743908392697856
[2018-08-25 19:54:40] [INFO   ] __main__: 2018-08-25 16:54:41.877000: Daddy Derrick in #bot-commands (Freezer Games): .slots 36861429271703028889154916520468743908392697856
[2018-08-25 19:54:40] [INFO   ] cogs.stats: 2018-08-25 16:54:41.877000: Daddy Derrick#5000 in #bot-commands (Freezer Games): .slots 36861429271703028889154916520468743908392697856
[2018-08-25 19:54:44] [INFO   ] __main__: 2018-08-25 16:54:45.328000: Daddy Derrick in #bot-commands (Freezer Games): .drink
[2018-08-25 19:54:44] [INFO   ] cogs.stats: 2018-08-25 16:54:45.328000: Daddy Derrick#5000 in #bot-commands (Freezer Games): .drink
[2018-08-25 19:54:45] [INFO   ] __main__: 2018-08-25 16:54:46.178000: Daddy Derrick in #bot-commands (Freezer Games): .drink
[2018-08-25 19:54:45] [INFO   ] cogs.stats: 2018-08-25 16:54:46.178000: Daddy Derrick#5000 in #bot-commands (Freezer Games): .drink
[2018-08-25 19:58:05] [INFO   ] __main__: 2018-08-25 16:58:06.724000: iWeeti in #testing-1 (Discord Bot List): -.reload image
[2018-08-25 19:58:05] [INFO   ] cogs.stats: 2018-08-25 16:58:06.724000: iWeeti#4990 in #testing-1 (Discord Bot List): -.reload image
[2018-08-25 19:58:20] [ERROR  ] asyncio: Unclosed client session
client_session: <aiohttp.client.ClientSession object at 0x07D28D90>
[2018-08-25 19:58:20] [ERROR  ] asyncio: Unclosed client session
client_session: <aiohttp.client.ClientSession object at 0x083EB190>
[2018-08-25 19:58:20] [ERROR  ] asyncio: Unclosed client session
client_session: <aiohttp.client.ClientSession object at 0x0853DC10>
[2018-08-25 19:58:20] [INFO   ] __main__: 2018-08-25 16:58:21.710000: iWeeti in #testing-1 (Discord Bot List): -.load image
[2018-08-25 19:58:20] [INFO   ] cogs.stats: 2018-08-25 16:58:21.710000: iWeeti#4990 in #testing-1 (Discord Bot List): -.load image
[2018-08-25 19:58:22] [INFO   ] __main__: 2018-08-25 16:58:23.825000: iWeeti in #testing-1 (Discord Bot List): -.test
[2018-08-25 19:58:22] [INFO   ] cogs.stats: 2018-08-25 16:58:23.825000: iWeeti#4990 in #testing-1 (Discord Bot List): -.test
[2018-08-25 19:58:56] [INFO   ] __main__: 2018-08-25 16:58:57.421000: Roki_100 in #testing-2 (Discord Bot List): .dog
[2018-08-25 19:58:56] [INFO   ] cogs.stats: 2018-08-25 16:58:57.421000: Roki_100#0230 in #testing-2 (Discord Bot List): .dog
[2018-08-25 20:02:09] [INFO   ] __main__: 2018-08-25 17:02:10.425000: iWeeti in #bot-commands (Freezer Games): -.blur Daddy Derrick
[2018-08-25 20:02:09] [INFO   ] cogs.stats: 2018-08-25 17:02:10.425000: iWeeti#4990 in #bot-commands (Freezer Games): -.blur Daddy Derrick
[2018-08-25 20:02:24] [INFO   ] __main__: 2018-08-25 17:02:25.441000: iWeeti in #bot-commands (Freezer Games): -.stats
[2018-08-25 20:02:24] [INFO   ] cogs.stats: 2018-08-25 17:02:25.441000: iWeeti#4990 in #bot-commands (Freezer Games): -.stats
[2018-08-25 20:02:38] [INFO   ] __main__: 2018-08-25 17:02:38.742000: iWeeti in #bot-commands (Freezer Games): -.stats global
[2018-08-25 20:02:38] [INFO   ] cogs.stats: 2018-08-25 17:02:38.742000: iWeeti#4990 in #bot-commands (Freezer Games): -.stats global
[2018-08-25 20:03:35] [WARNING] discord.state: VOICE_STATE_UPDATE referencing an unknown member ID: 424452833912553474. Discarding.
[2018-08-25 20:04:43] [WARNING] discord.gateway: Unknown event GUILD_INTEGRATIONS_UPDATE.
[2018-08-25 20:05:07] [INFO   ] __main__: 2018-08-25 17:05:08.581000: iWeeti in #testing-1 (Discord Bot List): -.test
[2018-08-25 20:05:07] [INFO   ] cogs.stats: 2018-08-25 17:05:08.581000: iWeeti#4990 in #testing-1 (Discord Bot List): -.test
[2018-08-25 20:05:18] [INFO   ] __main__: 2018-08-25 17:05:19.158000: iWeeti in #testing-1 (Discord Bot List): -.reload image
[2018-08-25 20:05:18] [INFO   ] cogs.stats: 2018-08-25 17:05:19.158000: iWeeti#4990 in #testing-1 (Discord Bot List): -.reload image
[2018-08-25 20:05:19] [INFO   ] __main__: 2018-08-25 17:05:20.679000: iWeeti in #testing-1 (Discord Bot List): -.test
[2018-08-25 20:05:19] [INFO   ] cogs.stats: 2018-08-25 17:05:20.679000: iWeeti#4990 in #testing-1 (Discord Bot List): -.test
[2018-08-25 20:06:00] [INFO   ] __main__: 2018-08-25 17:06:01.260000: iWeeti in #testing-1 (Discord Bot List): -.reload image
[2018-08-25 20:06:00] [INFO   ] cogs.stats: 2018-08-25 17:06:01.260000: iWeeti#4990 in #testing-1 (Discord Bot List): -.reload image
[2018-08-25 20:06:01] [INFO   ] __main__: 2018-08-25 17:06:02.794000: iWeeti in #testing-1 (Discord Bot List): -.test
[2018-08-25 20:06:01] [INFO   ] cogs.stats: 2018-08-25 17:06:02.794000: iWeeti#4990 in #testing-1 (Discord Bot List): -.test
[2018-08-25 20:06:35] [INFO   ] __main__: 2018-08-25 17:06:36.400000: iWeeti in #testing-1 (Discord Bot List): -.reload image
[2018-08-25 20:06:35] [INFO   ] cogs.stats: 2018-08-25 17:06:36.400000: iWeeti#4990 in #testing-1 (Discord Bot List): -.reload image
[2018-08-25 20:06:37] [INFO   ] __main__: 2018-08-25 17:06:37.920000: iWeeti in #testing-1 (Discord Bot List): -.test
[2018-08-25 20:06:37] [INFO   ] cogs.stats: 2018-08-25 17:06:37.920000: iWeeti#4990 in #testing-1 (Discord Bot List): -.test
[2018-08-25 20:07:48] [INFO   ] __main__: 2018-08-25 17:07:49.844000: Rei Carmesim in #geral (República Anarco-Zuckista): .hug
[2018-08-25 20:07:48] [INFO   ] cogs.stats: 2018-08-25 17:07:49.844000: Rei Carmesim#1132 in #geral (República Anarco-Zuckista): .hug
[2018-08-25 20:08:01] [INFO   ] __main__: 2018-08-25 17:08:01.481000: Rei Carmesim in #geral (República Anarco-Zuckista): .hug <@!460846291300122635>
[2018-08-25 20:08:01] [INFO   ] cogs.stats: 2018-08-25 17:08:01.481000: Rei Carmesim#1132 in #geral (República Anarco-Zuckista): .hug <@!460846291300122635>
[2018-08-25 20:08:10] [INFO   ] __main__: 2018-08-25 17:08:11.619000: iWeeti in #testing-1 (Discord Bot List): -.test
[2018-08-25 20:08:10] [INFO   ] cogs.stats: 2018-08-25 17:08:11.619000: iWeeti#4990 in #testing-1 (Discord Bot List): -.test
[2018-08-25 20:08:30] [INFO   ] __main__: 2018-08-25 17:08:31.284000: nag√ in #geral (República Anarco-Zuckista): .hug <@!460846291300122635>
[2018-08-25 20:08:30] [INFO   ] cogs.stats: 2018-08-25 17:08:31.284000: nag√#6532 in #geral (República Anarco-Zuckista): .hug <@!460846291300122635>
[2018-08-25 20:08:47] [INFO   ] __main__: 2018-08-25 17:08:47.601000: Rei Carmesim in #geral (República Anarco-Zuckista): .slap <@213466096718708737>
[2018-08-25 20:08:47] [INFO   ] cogs.stats: 2018-08-25 17:08:47.601000: Rei Carmesim#1132 in #geral (República Anarco-Zuckista): .slap <@213466096718708737>
[2018-08-25 20:09:00] [INFO   ] __main__: 2018-08-25 17:09:01.693000: nag√ in #geral (República Anarco-Zuckista): .slap nag√
[2018-08-25 20:09:00] [INFO   ] cogs.stats: 2018-08-25 17:09:01.693000: nag√#6532 in #geral (República Anarco-Zuckista): .slap nag√
[2018-08-25 20:10:06] [INFO   ] __main__: 2018-08-25 17:10:07.644000: nag√ in #geral (República Anarco-Zuckista): .feed nag√
[2018-08-25 20:10:06] [INFO   ] cogs.stats: 2018-08-25 17:10:07.644000: nag√#6532 in #geral (República Anarco-Zuckista): .feed nag√
[2018-08-25 20:10:17] [INFO   ] __main__: 2018-08-25 17:10:18.429000: nag√ in #geral (República Anarco-Zuckista): .feed <@!460846291300122635>
[2018-08-25 20:10:17] [INFO   ] cogs.stats: 2018-08-25 17:10:18.429000: nag√#6532 in #geral (República Anarco-Zuckista): .feed <@!460846291300122635>
[2018-08-25 20:12:15] [INFO   ] __main__: 2018-08-25 17:12:16.021000: Daddy Derrick in #bot-commands (Freezer Games): .slots 32872424329843274
[2018-08-25 20:12:15] [INFO   ] cogs.stats: 2018-08-25 17:12:16.021000: Daddy Derrick#5000 in #bot-commands (Freezer Games): .slots 32872424329843274
[2018-08-25 20:12:18] [INFO   ] __main__: 2018-08-25 17:12:19.081000: Daddy Derrick in #bot-commands (Freezer Games): .slots 10000000000000000
[2018-08-25 20:12:18] [INFO   ] cogs.stats: 2018-08-25 17:12:19.081000: Daddy Derrick#5000 in #bot-commands (Freezer Games): .slots 10000000000000000
[2018-08-25 20:12:18] [ERROR  ] asyncio: Unclosed client session
client_session: <aiohttp.client.ClientSession object at 0x08525690>
[2018-08-25 20:12:18] [ERROR  ] asyncio: Unclosed client session
client_session: <aiohttp.client.ClientSession object at 0x07C01590>
[2018-08-25 20:12:20] [INFO   ] __main__: 2018-08-25 17:12:20.989000: Daddy Derrick in #bot-commands (Freezer Games): .drink
[2018-08-25 20:12:20] [INFO   ] cogs.stats: 2018-08-25 17:12:20.989000: Daddy Derrick#5000 in #bot-commands (Freezer Games): .drink
[2018-08-25 20:12:22] [INFO   ] __main__: 2018-08-25 17:12:23.603000: Daddy Derrick in #bot-commands (Freezer Games): .drink
[2018-08-25 20:12:22] [INFO   ] cogs.stats: 2018-08-25 17:12:23.603000: Daddy Derrick#5000 in #bot-commands (Freezer Games): .drink
[2018-08-25 20:12:23] [INFO   ] __main__: 2018-08-25 17:12:24.680000: Daddy Derrick in #bot-commands (Freezer Games): .market
[2018-08-25 20:12:23] [INFO   ] cogs.stats: 2018-08-25 17:12:24.680000: Daddy Derrick#5000 in #bot-commands (Freezer Games): .market
[2018-08-25 20:12:29] [INFO   ] __main__: 2018-08-25 17:12:30.776000: Daddy Derrick in #bot-commands (Freezer Games): .profile
[2018-08-25 20:12:29] [INFO   ] cogs.stats: 2018-08-25 17:12:30.776000: Daddy Derrick#5000 in #bot-commands (Freezer Games): .profile
[2018-08-25 20:13:20] [INFO   ] __main__: 2018-08-25 17:13:21.586000: iWeeti in #testing-1 (Discord Bot List): -.runas Girappy blur
[2018-08-25 20:13:20] [INFO   ] cogs.stats: 2018-08-25 17:13:21.586000: iWeeti#4990 in #testing-1 (Discord Bot List): -.runas Girappy blur
[2018-08-25 20:13:20] [INFO   ] __main__: 2018-08-25 17:13:21.586000: DepressedGiraffe in #testing-1 (Discord Bot List): -.blur
[2018-08-25 20:13:20] [INFO   ] cogs.stats: 2018-08-25 17:13:21.586000: DepressedGiraffe#9265 in #testing-1 (Discord Bot List): -.blur
[2018-08-25 20:19:07] [INFO   ] __main__: 2018-08-25 17:19:08.343000: iWeeti in #testing-1 (Discord Bot List): -.blur QTE
[2018-08-25 20:19:07] [INFO   ] cogs.stats: 2018-08-25 17:19:08.343000: iWeeti#4990 in #testing-1 (Discord Bot List): -.blur QTE
