[2018-08-16 20:02:10] [INFO   ] discord.client: logging in using static token
[2018-08-16 20:02:12] [INFO   ] discord.gateway: Shard ID 0 has sent the IDENTIFY payload.
[2018-08-16 20:02:13] [INFO   ] discord.gateway: Shard ID 0 has connected to Gateway: gateway-prd-main-kg6w, discord-sessions-prd-1-8 (Session ID: c141a060785520a3dff3977b6a75e4c4).
[2018-08-16 20:05:18] [WARNING] discord.gateway: Unknown event GUILD_INTEGRATIONS_UPDATE.
[2018-08-16 21:05:43] [WARNING] discord.gateway: Unknown event GUILD_INTEGRATIONS_UPDATE.
[2018-08-16 22:05:37] [WARNING] discord.gateway: Unknown event GUILD_INTEGRATIONS_UPDATE.
[2018-08-16 23:05:24] [WARNING] discord.gateway: Unknown event GUILD_INTEGRATIONS_UPDATE.
[2018-08-16 23:43:36] [WARNING] discord.gateway: Shard ID 0 has stopped responding to the gateway. Closing and restarting.
[2018-08-16 23:43:56] [INFO   ] discord.gateway: Websocket closed with 1006 (), attempting a reconnect.
[2018-08-16 23:43:56] [INFO   ] discord.shard: Got a request to RESUME the websocket at Shard ID 0.
[2018-08-16 23:43:57] [INFO   ] discord.gateway: Created websocket connected to wss://gateway.discord.gg?encoding=json&v=6&compress=zlib-stream
[2018-08-16 23:43:57] [INFO   ] discord.gateway: Shard ID 0 has sent the RESUME payload.
[2018-08-16 23:44:00] [INFO   ] discord.gateway: Shard ID 0 session has been invalidated.
[2018-08-16 23:44:00] [INFO   ] discord.gateway: Shard ID 0 has sent the IDENTIFY payload.
[2018-08-16 23:44:01] [INFO   ] discord.gateway: Shard ID 0 has connected to Gateway: gateway-prd-main-4fwp, discord-sessions-prd-1-26 (Session ID: 378cb9b176f19659817b1930c836e8cf).
[2018-08-17 00:05:16] [WARNING] discord.gateway: Unknown event GUILD_INTEGRATIONS_UPDATE.
[2018-08-17 00:49:18] [INFO   ] discord.gateway: Websocket closed with 1006 (), attempting a reconnect.
[2018-08-17 00:49:18] [INFO   ] discord.shard: Got a request to RESUME the websocket at Shard ID 0.
[2018-08-17 00:49:18] [INFO   ] discord.gateway: Created websocket connected to wss://gateway.discord.gg?encoding=json&v=6&compress=zlib-stream
[2018-08-17 00:49:18] [INFO   ] discord.gateway: Shard ID 0 has sent the RESUME payload.
[2018-08-17 00:49:19] [INFO   ] discord.gateway: Shard ID 0 has successfully RESUMED session 378cb9b176f19659817b1930c836e8cf under trace gateway-prd-main-j093, discord-sessions-prd-1-26.
[2018-08-17 00:50:38] [WARNING] discord.gateway: Shard ID 0 has stopped responding to the gateway. Closing and restarting.
[2018-08-17 01:04:14] [WARNING] discord.gateway: Unknown event GUILD_INTEGRATIONS_UPDATE.
[2018-08-17 02:05:12] [WARNING] discord.gateway: Unknown event GUILD_INTEGRATIONS_UPDATE.
[2018-08-17 02:16:59] [INFO   ] discord.gateway: Websocket closed with 1001 (CloudFlare WebSocket proxy restarting), attempting a reconnect.
[2018-08-17 02:16:59] [INFO   ] discord.shard: Got a request to RESUME the websocket at Shard ID 0.
[2018-08-17 02:17:00] [INFO   ] discord.gateway: Created websocket connected to wss://gateway.discord.gg?encoding=json&v=6&compress=zlib-stream
[2018-08-17 02:17:00] [INFO   ] discord.gateway: Shard ID 0 has sent the RESUME payload.
[2018-08-17 02:17:00] [INFO   ] discord.gateway: Shard ID 0 has successfully RESUMED session 378cb9b176f19659817b1930c836e8cf under trace gateway-prd-main-mxv1, discord-sessions-prd-1-26.
[2018-08-17 02:18:00] [WARNING] discord.gateway: Shard ID 0 has stopped responding to the gateway. Closing and restarting.
[2018-08-17 03:05:00] [WARNING] discord.gateway: Unknown event GUILD_INTEGRATIONS_UPDATE.
[2018-08-17 04:05:10] [WARNING] discord.gateway: Unknown event GUILD_INTEGRATIONS_UPDATE.
[2018-08-17 05:02:37] [WARNING] discord.gateway: Unknown event GUILD_INTEGRATIONS_UPDATE.
[2018-08-17 06:05:01] [WARNING] discord.gateway: Unknown event GUILD_INTEGRATIONS_UPDATE.
[2018-08-17 07:04:49] [WARNING] discord.gateway: Unknown event GUILD_INTEGRATIONS_UPDATE.
[2018-08-17 08:04:37] [WARNING] discord.gateway: Unknown event GUILD_INTEGRATIONS_UPDATE.
[2018-08-17 09:04:40] [WARNING] discord.gateway: Unknown event GUILD_INTEGRATIONS_UPDATE.
[2018-08-17 10:04:30] [WARNING] discord.gateway: Unknown event GUILD_INTEGRATIONS_UPDATE.
[2018-08-17 11:04:30] [WARNING] discord.gateway: Unknown event GUILD_INTEGRATIONS_UPDATE.
[2018-08-17 12:04:41] [WARNING] discord.gateway: Unknown event GUILD_INTEGRATIONS_UPDATE.
[2018-08-17 12:55:28] [WARNING] discord.state: GUILD_ROLE_DELETE referencing an unknown guild ID: 345511302329925643. Discarding.
[2018-08-17 12:55:28] [WARNING] discord.state: GUILD_MEMBER_REMOVE referencing an unknown guild ID: 345511302329925643. Discarding.
[2018-08-17 13:04:43] [WARNING] discord.gateway: Unknown event GUILD_INTEGRATIONS_UPDATE.
[2018-08-17 13:52:29] [WARNING] discord.state: GUILD_ROLE_DELETE referencing an unknown guild ID: 474251702158229514. Discarding.
[2018-08-17 13:52:29] [WARNING] discord.state: GUILD_MEMBER_REMOVE referencing an unknown guild ID: 474251702158229514. Discarding.
[2018-08-17 14:04:42] [WARNING] discord.gateway: Unknown event GUILD_INTEGRATIONS_UPDATE.
