2018-08-28 00:35:42.304  INFO 5352 --- [WebSocketWorker-20] lavalink.server.io.SocketServer          : {"op": "stop", "guildId": "411186171402780672"}
2018-08-28 06:51:01.029  INFO 5352 --- [http-nio-0.0.0.0-2333-exec-10] l.server.player.AudioLoaderRestHandler   : GET /loadtracks
2018-08-28 06:51:01.280  INFO 5352 --- [WebSocketWorker-20] lavalink.server.io.SocketServer          : {"sessionId": "c027ef3b5a7822023e687c0ea05ba031", "op": "voiceUpdate", "guildId": "329993146651901952", "event": {"token": "e0afaf4bfead6d3f", "guild_id": "329993146651901952", "endpoint": "eu-west651.discord.gg:80"}}
2018-08-28 06:51:01.758  INFO 5352 --- [lava-daemon-pool-info-loader-2-thread-1] lavalink.server.player.AudioLoader       : Loaded playlist botti
2018-08-28 06:51:02.183  INFO 5352 --- [WebSocketWorker-20] lavalink.server.io.SocketServer          : {"op": "play", "guildId": "329993146651901952", "track": "QAAAqAIAQ01ham9yIExhemVyICYgREogU25ha2UgLSBMZWFuIE9uIChmZWF0LiBNw5gpIChPZmZpY2lhbCBNdXNpYyBWaWRlbykAC01ham9yIExhemVyAAAAAAACuzgAC1lxZVc5XzVrVVJJAAEAK2h0dHBzOi8vd3d3LnlvdXR1YmUuY29tL3dhdGNoP3Y9WXFlVzlfNWtVUkkAB3lvdXR1YmUAAAAAAAAAAA=="}
2018-08-28 06:54:01.255  INFO 5352 --- [WebSocketWorker-20] lavalink.server.io.SocketServer          : {"op": "play", "guildId": "329993146651901952", "track": "QAAAqQIAQ0NsZWFuIEJhbmRpdCAtIFJvY2thYnllIGZ0LiBTZWFuIFBhdWwgJiBBbm5lLU1hcmllIFtPZmZpY2lhbCBWaWRlb10ADENsZWFuIEJhbmRpdAAAAAAAA+AwAAtwYXB1dmxWZVpnOAABACtodHRwczovL3d3dy55b3V0dWJlLmNvbS93YXRjaD92PXBhcHV2bFZlWmc4AAd5b3V0dWJlAAAAAAAAAAA="}
2018-08-28 06:58:15.371  INFO 5352 --- [WebSocketWorker-20] lavalink.server.io.SocketServer          : {"op": "play", "guildId": "329993146651901952", "track": "QAAAgQIAG1RheWxvciBTd2lmdCAtIFNoYWtlIEl0IE9mZgAMVGF5bG9yIFN3aWZ0AAAAAAADsVAAC25mV2xvdDZoX0pNAAEAK2h0dHBzOi8vd3d3LnlvdXR1YmUuY29tL3dhdGNoP3Y9bmZXbG90NmhfSk0AB3lvdXR1YmUAAAAAAAAAAA=="}
2018-08-28 06:58:53.841  INFO 5352 --- [WebSocketWorker-20] lavalink.server.io.SocketServer          : {"op": "play", "guildId": "329993146651901952", "track": "QAAAkAIAKkNoYXJsaWUgUHV0aCAtICJIb3cgTG9uZyIgW09mZmljaWFsIFZpZGVvXQAMQ2hhcmxpZSBQdXRoAAAAAAADODgAC0N3Zm95VmE5ODBVAAEAK2h0dHBzOi8vd3d3LnlvdXR1YmUuY29tL3dhdGNoP3Y9Q3dmb3lWYTk4MFUAB3lvdXR1YmUAAAAAAAAAAA=="}
2018-08-28 07:02:24.846  INFO 5352 --- [WebSocketWorker-20] lavalink.server.io.SocketServer          : {"op": "play", "guildId": "329993146651901952", "track": "QAAAjgIAJkNhbWlsYSBDYWJlbGxvIC0gSGF2YW5hIGZ0LiBZb3VuZyBUaHVnAA5DYW1pbGEgQ2FiZWxsbwAAAAAABiY4AAtCUTBteFFYbUxzawABACtodHRwczovL3d3dy55b3V0dWJlLmNvbS93YXRjaD92PUJRMG14UVhtTHNrAAd5b3V0dWJlAAAAAAAAAAA="}
2018-08-28 07:08:12.827  INFO 5352 --- [WebSocketWorker-20] lavalink.server.io.SocketServer          : {"op": "play", "guildId": "329993146651901952", "track": "QAAAkQIALVRoZSBXZWVrbmQgLSBTdGFyYm95IChvZmZpY2lhbCkgZnQuIERhZnQgUHVuawAKVGhlIFdlZWtuZAAAAAAABC5QAAszNE5hNGo4QVZnQQABACtodHRwczovL3d3dy55b3V0dWJlLmNvbS93YXRjaD92PTM0TmE0ajhBVmdBAAd5b3V0dWJlAAAAAAAAAAA="}
2018-08-28 07:12:47.061  INFO 5352 --- [WebSocketWorker-20] lavalink.server.io.SocketServer          : {"op": "play", "guildId": "329993146651901952", "track": "QAAApAIAPUNhbHZpbiBIYXJyaXMgLSBTbGlkZSAoT2ZmaWNpYWwgQXVkaW8pIGZ0LiBGcmFuayBPY2VhbiwgTWlnb3MADUNhbHZpbiBIYXJyaXMAAAAAAAOKQAALOEVlNFFqQ0VISGMAAQAraHR0cHM6Ly93d3cueW91dHViZS5jb20vd2F0Y2g/dj04RWU0UWpDRUhIYwAHeW91dHViZQAAAAAAAAAA"}
2018-08-28 07:15:41.937  INFO 5352 --- [WebSocketSelector-23] lavalink.server.io.SocketServer          : Connection closed from /0:0:0:0:0:0:0:1:51474 with protocol Draft_6455 extension: DefaultExtension protocol:  with reason An existing connection was forcibly closed by the remote host with code 1006
2018-08-28 07:15:41.943  INFO 5352 --- [WebSocketSelector-23] lavalink.server.io.SocketContext         : Shutting down 1 cores and 1 playing players.
2018-08-28 07:15:41.948  INFO 5352 --- [WebSocketSelector-23] c.s.d.l.tools.GarbageCollectionMonitor   : GC monitoring disabled.
2018-08-28 07:15:41.957  WARN 5352 --- [lava-daemon-pool-playback-11-thread-13] c.s.d.l.t.p.LocalAudioTrackExecutor      : Suspicious exception for playback of 8Ee4QjCEHHc

com.sedmelluq.discord.lavaplayer.tools.FriendlyException: The track was unexpectedly terminated.
	at com.sedmelluq.discord.lavaplayer.track.playback.LocalAudioTrackExecutor.handlePlaybackInterrupt(LocalAudioTrackExecutor.java:323) ~[lavaplayer-1.3.7.jar!/:na]
	at com.sedmelluq.discord.lavaplayer.track.playback.LocalAudioTrackExecutor.executeProcessingLoop(LocalAudioTrackExecutor.java:267) ~[lavaplayer-1.3.7.jar!/:na]
	at com.sedmelluq.discord.lavaplayer.container.matroska.MatroskaAudioTrack.process(MatroskaAudioTrack.java:38) ~[lavaplayer-1.3.7.jar!/:na]
	at com.sedmelluq.discord.lavaplayer.track.DelegatedAudioTrack.processDelegate(DelegatedAudioTrack.java:27) ~[lavaplayer-1.3.7.jar!/:na]
	at com.sedmelluq.discord.lavaplayer.source.youtube.YoutubeAudioTrack.processStatic(YoutubeAudioTrack.java:75) ~[lavaplayer-1.3.7.jar!/:na]
	at com.sedmelluq.discord.lavaplayer.source.youtube.YoutubeAudioTrack.process(YoutubeAudioTrack.java:67) ~[lavaplayer-1.3.7.jar!/:na]
	at com.sedmelluq.discord.lavaplayer.track.playback.LocalAudioTrackExecutor.execute(LocalAudioTrackExecutor.java:90) ~[lavaplayer-1.3.7.jar!/:na]
	at com.sedmelluq.discord.lavaplayer.player.DefaultAudioPlayerManager.lambda$executeTrack$1(DefaultAudioPlayerManager.java:348) [lavaplayer-1.3.7.jar!/:na]
	at java.base/java.util.concurrent.ThreadPoolExecutor.runWorker(Unknown Source) ~[na:na]
	at java.base/java.util.concurrent.ThreadPoolExecutor$Worker.run(Unknown Source) ~[na:na]
	at java.base/java.lang.Thread.run(Unknown Source) ~[na:na]
Caused by: java.lang.InterruptedException: null
	at java.base/java.util.concurrent.locks.AbstractQueuedSynchronizer$ConditionObject.reportInterruptAfterWait(Unknown Source) ~[na:na]
	at java.base/java.util.concurrent.locks.AbstractQueuedSynchronizer$ConditionObject.await(Unknown Source) ~[na:na]
	at java.base/java.util.concurrent.ArrayBlockingQueue.put(Unknown Source) ~[na:na]
	at com.sedmelluq.discord.lavaplayer.track.playback.AllocatingAudioFrameBuffer.consume(AllocatingAudioFrameBuffer.java:173) ~[lavaplayer-1.3.7.jar!/:na]
	at com.sedmelluq.discord.lavaplayer.container.common.OpusPacketRouter.passThrough(OpusPacketRouter.java:166) ~[lavaplayer-1.3.7.jar!/:na]
	at com.sedmelluq.discord.lavaplayer.container.common.OpusPacketRouter.process(OpusPacketRouter.java:96) ~[lavaplayer-1.3.7.jar!/:na]
	at com.sedmelluq.discord.lavaplayer.container.matroska.MatroskaOpusTrackConsumer.consume(MatroskaOpusTrackConsumer.java:47) ~[lavaplayer-1.3.7.jar!/:na]
	at com.sedmelluq.discord.lavaplayer.container.matroska.MatroskaStreamingFile.processFrameInBlock(MatroskaStreamingFile.java:372) ~[lavaplayer-1.3.7.jar!/:na]
	at com.sedmelluq.discord.lavaplayer.container.matroska.MatroskaStreamingFile.parseClusterSimpleBlock(MatroskaStreamingFile.java:336) ~[lavaplayer-1.3.7.jar!/:na]
	at com.sedmelluq.discord.lavaplayer.container.matroska.MatroskaStreamingFile.parseNextCluster(MatroskaStreamingFile.java:321) ~[lavaplayer-1.3.7.jar!/:na]
	at com.sedmelluq.discord.lavaplayer.container.matroska.MatroskaStreamingFile.provideFrames(MatroskaStreamingFile.java:297) ~[lavaplayer-1.3.7.jar!/:na]
	at com.sedmelluq.discord.lavaplayer.container.matroska.MatroskaAudioTrack.lambda$process$0(MatroskaAudioTrack.java:39) ~[lavaplayer-1.3.7.jar!/:na]
	at com.sedmelluq.discord.lavaplayer.track.playback.LocalAudioTrackExecutor.executeProcessingLoop(LocalAudioTrackExecutor.java:257) ~[lavaplayer-1.3.7.jar!/:na]
	... 9 common frames omitted

2018-08-28 07:15:41.961 ERROR 5352 --- [lava-daemon-pool-playback-11-thread-13] c.s.d.lavaplayer.player.AudioPlayer      : Handler of event com.sedmelluq.discord.lavaplayer.player.event.TrackExceptionEvent@f09918d threw an exception.

org.java_websocket.exceptions.WebsocketNotConnectedException: null
	at org.java_websocket.WebSocketImpl.send(WebSocketImpl.java:608) ~[Java-WebSocket-1.3.8.jar!/:na]
	at org.java_websocket.WebSocketImpl.send(WebSocketImpl.java:585) ~[Java-WebSocket-1.3.8.jar!/:na]
	at lavalink.server.player.EventEmitter.onTrackException(EventEmitter.java:82) ~[classes!/:na]
	at com.sedmelluq.discord.lavaplayer.player.event.AudioEventAdapter.onEvent(AudioEventAdapter.java:72) ~[lavaplayer-1.3.7.jar!/:na]
	at com.sedmelluq.discord.lavaplayer.player.DefaultAudioPlayer.dispatchEvent(DefaultAudioPlayer.java:350) [lavaplayer-1.3.7.jar!/:na]
	at com.sedmelluq.discord.lavaplayer.player.DefaultAudioPlayer.onTrackException(DefaultAudioPlayer.java:360) [lavaplayer-1.3.7.jar!/:na]
	at com.sedmelluq.discord.lavaplayer.track.playback.LocalAudioTrackExecutor.execute(LocalAudioTrackExecutor.java:106) [lavaplayer-1.3.7.jar!/:na]
	at com.sedmelluq.discord.lavaplayer.player.DefaultAudioPlayerManager.lambda$executeTrack$1(DefaultAudioPlayerManager.java:348) [lavaplayer-1.3.7.jar!/:na]
	at java.base/java.util.concurrent.ThreadPoolExecutor.runWorker(Unknown Source) ~[na:na]
	at java.base/java.util.concurrent.ThreadPoolExecutor$Worker.run(Unknown Source) ~[na:na]
	at java.base/java.lang.Thread.run(Unknown Source) ~[na:na]

2018-08-28 07:15:41.984 ERROR 5352 --- [WebSocketSelector-23] c.s.d.lavaplayer.player.AudioPlayer      : Handler of event com.sedmelluq.discord.lavaplayer.player.event.TrackEndEvent@7a85b10c threw an exception.

org.java_websocket.exceptions.WebsocketNotConnectedException: null
	at org.java_websocket.WebSocketImpl.send(WebSocketImpl.java:608) ~[Java-WebSocket-1.3.8.jar!/:na]
	at org.java_websocket.WebSocketImpl.send(WebSocketImpl.java:585) ~[Java-WebSocket-1.3.8.jar!/:na]
	at lavalink.server.player.EventEmitter.onTrackEnd(EventEmitter.java:64) ~[classes!/:na]
	at com.sedmelluq.discord.lavaplayer.player.event.AudioEventAdapter.onEvent(AudioEventAdapter.java:70) ~[lavaplayer-1.3.7.jar!/:na]
	at com.sedmelluq.discord.lavaplayer.player.DefaultAudioPlayer.dispatchEvent(DefaultAudioPlayer.java:350) [lavaplayer-1.3.7.jar!/:na]
	at com.sedmelluq.discord.lavaplayer.player.DefaultAudioPlayer.stopWithReason(DefaultAudioPlayer.java:137) [lavaplayer-1.3.7.jar!/:na]
	at com.sedmelluq.discord.lavaplayer.player.DefaultAudioPlayer.stopTrack(DefaultAudioPlayer.java:125) [lavaplayer-1.3.7.jar!/:na]
	at lavalink.server.player.Player.stop(Player.java:66) [classes!/:na]
	at java.base/java.util.concurrent.ConcurrentHashMap$ValuesView.forEach(Unknown Source) ~[na:na]
	at lavalink.server.io.SocketContext.shutdown(SocketContext.java:139) ~[classes!/:na]
	at lavalink.server.io.SocketServer.close(SocketServer.java:131) ~[classes!/:na]
	at lavalink.server.io.SocketServer.onClose(SocketServer.java:122) ~[classes!/:na]
	at org.java_websocket.server.WebSocketServer.onWebsocketClose(WebSocketServer.java:595) ~[Java-WebSocket-1.3.8.jar!/:na]
	at org.java_websocket.WebSocketImpl.closeConnection(WebSocketImpl.java:504) ~[Java-WebSocket-1.3.8.jar!/:na]
	at org.java_websocket.WebSocketImpl.closeConnection(WebSocketImpl.java:526) ~[Java-WebSocket-1.3.8.jar!/:na]
	at org.java_websocket.server.WebSocketServer.handleIOException(WebSocketServer.java:530) ~[Java-WebSocket-1.3.8.jar!/:na]
	at org.java_websocket.server.WebSocketServer.run(WebSocketServer.java:460) ~[Java-WebSocket-1.3.8.jar!/:na]
	at java.base/java.lang.Thread.run(Unknown Source) ~[na:na]

2018-08-28 07:16:04.509  INFO 5352 --- [WebSocketWorker-19] lavalink.server.io.SocketServer          : Connection opened from /0:0:0:0:0:0:0:1:53352 with protocol Draft_6455 extension: DefaultExtension protocol: 
2018-08-28 07:16:04.511  INFO 5352 --- [WebSocketWorker-19] c.s.d.l.tools.GarbageCollectionMonitor   : GC monitoring enabled, reporting results every 2 minutes.
2018-08-28 07:17:02.918  INFO 5352 --- [http-nio-0.0.0.0-2333-exec-3] l.server.player.AudioLoaderRestHandler   : GET /loadtracks
2018-08-28 07:17:03.165  INFO 5352 --- [WebSocketWorker-19] lavalink.server.io.SocketServer          : {"sessionId": "288ba4ce788ca9ba928ed6bdc819576c", "op": "voiceUpdate", "guildId": "264445053596991498", "event": {"token": "2af6bfa3cc72ffc8", "guild_id": "264445053596991498", "endpoint": "eu-west236.discord.gg:80"}}
2018-08-28 07:17:03.750  INFO 5352 --- [lava-daemon-pool-info-loader-2-thread-1] lavalink.server.player.AudioLoader       : Loaded playlist Search results for: ain't my fault r3hab
2018-08-28 07:17:04.131  INFO 5352 --- [WebSocketWorker-19] lavalink.server.io.SocketServer          : {"op": "play", "guildId": "264445053596991498", "track": "QAAAkAIAK1phcmEgTGFyc3NvbiAtIEFpbid0IE15IEZhdWx0IChSM2hhYiBSZW1peCkAC1RyYXAgTmF0aW9uAAAAAAACcQAAC2dsNFBOcTZBNEJVAAEAK2h0dHBzOi8vd3d3LnlvdXR1YmUuY29tL3dhdGNoP3Y9Z2w0UE5xNkE0QlUAB3lvdXR1YmUAAAAAAAAAAA=="}
2018-08-28 07:17:12.744  INFO 5352 --- [http-nio-0.0.0.0-2333-exec-5] l.server.player.AudioLoaderRestHandler   : GET /loadtracks
2018-08-28 07:17:13.333  INFO 5352 --- [lava-daemon-pool-info-loader-2-thread-1] lavalink.server.player.AudioLoader       : Loaded playlist Search results for: i would lile r3hab
2018-08-28 07:19:44.149  INFO 5352 --- [WebSocketWorker-19] lavalink.server.io.SocketServer          : {"op": "play", "guildId": "264445053596991498", "track": "QAAAiAIAKVphcmEgTGFyc3NvbiAtIEkgV291bGQgTGlrZSAoUjNoYWIgUmVtaXgpAAVSM0hBQgAAAAAAAkIgAAtJMENOd1lMQlRrcwABACtodHRwczovL3d3dy55b3V0dWJlLmNvbS93YXRjaD92PUkwQ053WUxCVGtzAAd5b3V0dWJlAAAAAAAAAAA="}
2018-08-28 07:20:27.094  INFO 5352 --- [http-nio-0.0.0.0-2333-exec-8] l.server.player.AudioLoaderRestHandler   : GET /loadtracks
2018-08-28 07:20:27.568  INFO 5352 --- [lava-daemon-pool-info-loader-2-thread-1] lavalink.server.player.AudioLoader       : Loaded playlist Search results for: stressed out tomsize
2018-08-28 07:22:11.524  INFO 5352 --- [WebSocketWorker-19] lavalink.server.io.SocketServer          : {"op": "play", "guildId": "264445053596991498", "track": "QAAAlQIAMFR3ZW50eSBPbmUgUGlsb3RzIC0gU3RyZXNzZWQgT3V0IChUb21zaXplIFJlbWl4KQALVHJhcCBOYXRpb24AAAAAAANu6AALMHQydGpOcUd5SkkAAQAraHR0cHM6Ly93d3cueW91dHViZS5jb20vd2F0Y2g/dj0wdDJ0ak5xR3lKSQAHeW91dHViZQAAAAAAAAAA"}
2018-08-28 07:22:30.188  INFO 5352 --- [http-nio-0.0.0.0-2333-exec-1] l.server.player.AudioLoaderRestHandler   : GET /loadtracks
2018-08-28 07:22:30.892  INFO 5352 --- [lava-daemon-pool-info-loader-2-thread-1] lavalink.server.player.AudioLoader       : Loaded playlist Search results for: this love
2018-08-28 07:22:50.701  INFO 5352 --- [http-nio-0.0.0.0-2333-exec-4] l.server.player.AudioLoaderRestHandler   : GET /loadtracks
2018-08-28 07:22:51.240  INFO 5352 --- [lava-daemon-pool-info-loader-2-thread-1] lavalink.server.player.AudioLoader       : Loaded playlist Search results for: superheros
2018-08-28 07:22:58.897  INFO 5352 --- [http-nio-0.0.0.0-2333-exec-6] l.server.player.AudioLoaderRestHandler   : GET /loadtracks
2018-08-28 07:22:59.505  INFO 5352 --- [lava-daemon-pool-info-loader-2-thread-1] lavalink.server.player.AudioLoader       : Loaded playlist Search results for: in my mind
2018-08-28 07:23:31.623  INFO 5352 --- [http-nio-0.0.0.0-2333-exec-9] l.server.player.AudioLoaderRestHandler   : GET /loadtracks
2018-08-28 07:23:32.164  INFO 5352 --- [lava-daemon-pool-info-loader-2-thread-1] lavalink.server.player.AudioLoader       : Loaded playlist Search results for: alan walker strobgest
2018-08-28 07:23:35.316  INFO 5352 --- [http-nio-0.0.0.0-2333-exec-1] l.server.player.AudioLoaderRestHandler   : GET /loadtracks
2018-08-28 07:23:35.864  INFO 5352 --- [lava-daemon-pool-info-loader-2-thread-1] lavalink.server.player.AudioLoader       : Loaded playlist Search results for: fireflies
2018-08-28 07:23:40.766  INFO 5352 --- [http-nio-0.0.0.0-2333-exec-3] l.server.player.AudioLoaderRestHandler   : GET /loadtracks
2018-08-28 07:23:41.341  INFO 5352 --- [lava-daemon-pool-info-loader-2-thread-1] lavalink.server.player.AudioLoader       : Loaded playlist Search results for: darkside
2018-08-28 07:23:53.290  INFO 5352 --- [http-nio-0.0.0.0-2333-exec-5] l.server.player.AudioLoaderRestHandler   : GET /loadtracks
2018-08-28 07:23:53.796  INFO 5352 --- [lava-daemon-pool-info-loader-2-thread-1] lavalink.server.player.AudioLoader       : Loaded playlist Search results for: grrrls
2018-08-28 07:24:04.882  INFO 5352 --- [http-nio-0.0.0.0-2333-exec-7] l.server.player.AudioLoaderRestHandler   : GET /loadtracks
2018-08-28 07:24:05.447  INFO 5352 --- [lava-daemon-pool-info-loader-2-thread-1] lavalink.server.player.AudioLoader       : Loaded playlist Search results for: lucid dresms
2018-08-28 07:24:23.150  INFO 5352 --- [http-nio-0.0.0.0-2333-exec-10] l.server.player.AudioLoaderRestHandler   : GET /loadtracks
2018-08-28 07:24:23.590  INFO 5352 --- [lava-daemon-pool-info-loader-2-thread-1] lavalink.server.player.AudioLoader       : Loaded playlist Search results for: tunnel visions mads langer
2018-08-28 07:25:56.391  INFO 5352 --- [WebSocketWorker-19] lavalink.server.io.SocketServer          : {"op": "play", "guildId": "264445053596991498", "track": "QAAAlQIAMFR3ZW50eSBPbmUgUGlsb3RzIC0gU3RyZXNzZWQgT3V0IChUb21zaXplIFJlbWl4KQALVHJhcCBOYXRpb24AAAAAAANu6AALMHQydGpOcUd5SkkAAQAraHR0cHM6Ly93d3cueW91dHViZS5jb20vd2F0Y2g/dj0wdDJ0ak5xR3lKSQAHeW91dHViZQAAAAAAAAAA"}
2018-08-28 07:26:03.548  INFO 5352 --- [WebSocketWorker-19] lavalink.server.io.SocketServer          : {"op": "play", "guildId": "264445053596991498", "track": "QAAAdgIADkFWaVZBIC0gR1JSUkxTAA5NclN1aWNpZGVTaGVlcAAAAAAAA36IAAtTaGs3cWN2cURPbwABACtodHRwczovL3d3dy55b3V0dWJlLmNvbS93YXRjaD92PVNoazdxY3ZxRE9vAAd5b3V0dWJlAAAAAAAAAAA="}
2018-08-28 07:29:52.830  INFO 5352 --- [WebSocketWorker-19] lavalink.server.io.SocketServer          : {"op": "play", "guildId": "264445053596991498", "track": "QAAAkQIALEluYSBXcm9sZHNlbiAtIFN0cm9uZ2VzdCAoQWxhbiBXYWxrZXIgUmVtaXgpAAtBbGFuIFdhbGtlcgAAAAAAA4JwAAstX2xlWWZ0cnVYSQABACtodHRwczovL3d3dy55b3V0dWJlLmNvbS93YXRjaD92PS1fbGVZZnRydVhJAAd5b3V0dWJlAAAAAAAAAAA="}
2018-08-28 07:33:42.857  INFO 5352 --- [WebSocketWorker-19] lavalink.server.io.SocketServer          : {"op": "play", "guildId": "264445053596991498", "track": "QAAAjQIAJ0R5bm9ybyAmIEdpZ2kgROKAmUFnb3N0aW5vIC0gSW4gTXkgTWluZAAMQ2hpbGwgTmF0aW9uAAAAAAAC0qgAC1c5UF9xVW5NYUZnAAEAK2h0dHBzOi8vd3d3LnlvdXR1YmUuY29tL3dhdGNoP3Y9VzlQX3FVbk1hRmcAB3lvdXR1YmUAAAAAAAAAAA=="}
2018-08-28 07:36:47.766  INFO 5352 --- [WebSocketWorker-19] lavalink.server.io.SocketServer          : {"op": "play", "guildId": "264445053596991498", "track": "QAAAdgIAFE93bCBDaXR5IC0gRmlyZWZsaWVzAAhPd2wgQ2l0eQAAAAAAA5IQAAtwc3VSR2ZBYWp1NAABACtodHRwczovL3d3dy55b3V0dWJlLmNvbS93YXRjaD92PXBzdVJHZkFhanU0AAd5b3V0dWJlAAAAAAAAAAA="}
2018-08-28 07:40:50.941  INFO 5352 --- [WebSocketWorker-19] lavalink.server.io.SocketServer          : {"op": "play", "guildId": "264445053596991498", "track": "QAAAjQIAJ0R5bm9ybyAmIEdpZ2kgROKAmUFnb3N0aW5vIC0gSW4gTXkgTWluZAAMQ2hpbGwgTmF0aW9uAAAAAAAC0qgAC1c5UF9xVW5NYUZnAAEAK2h0dHBzOi8vd3d3LnlvdXR1YmUuY29tL3dhdGNoP3Y9VzlQX3FVbk1hRmcAB3lvdXR1YmUAAAAAAAAAAA=="}
2018-08-28 07:44:02.156  INFO 5352 --- [WebSocketWorker-19] lavalink.server.io.SocketServer          : {"op": "play", "guildId": "264445053596991498", "track": "QAAAlQIAMFR3ZW50eSBPbmUgUGlsb3RzIC0gU3RyZXNzZWQgT3V0IChUb21zaXplIFJlbWl4KQALVHJhcCBOYXRpb24AAAAAAANu6AALMHQydGpOcUd5SkkAAQAraHR0cHM6Ly93d3cueW91dHViZS5jb20vd2F0Y2g/dj0wdDJ0ak5xR3lKSQAHeW91dHViZQAAAAAAAAAA"}
2018-08-28 07:46:35.436  INFO 5352 --- [WebSocketWorker-19] lavalink.server.io.SocketServer          : {"op": "play", "guildId": "264445053596991498", "track": "QAAAdgIADkFWaVZBIC0gR1JSUkxTAA5NclN1aWNpZGVTaGVlcAAAAAAAA36IAAtTaGs3cWN2cURPbwABACtodHRwczovL3d3dy55b3V0dWJlLmNvbS93YXRjaD92PVNoazdxY3ZxRE9vAAd5b3V0dWJlAAAAAAAAAAA="}
2018-08-28 07:47:20.362  INFO 5352 --- [WebSocketWorker-19] lavalink.server.io.SocketServer          : {"op": "play", "guildId": "264445053596991498", "track": "QAAAdgIADkFWaVZBIC0gR1JSUkxTAA5NclN1aWNpZGVTaGVlcAAAAAAAA36IAAtTaGs3cWN2cURPbwABACtodHRwczovL3d3dy55b3V0dWJlLmNvbS93YXRjaD92PVNoazdxY3ZxRE9vAAd5b3V0dWJlAAAAAAAAAAA="}
2018-08-28 07:47:44.307  INFO 5352 --- [WebSocketWorker-19] lavalink.server.io.SocketServer          : {"op": "play", "guildId": "264445053596991498", "track": "QAAAdgIAFE93bCBDaXR5IC0gRmlyZWZsaWVzAAhPd2wgQ2l0eQAAAAAAA5IQAAtwc3VSR2ZBYWp1NAABACtodHRwczovL3d3dy55b3V0dWJlLmNvbS93YXRjaD92PXBzdVJHZkFhanU0AAd5b3V0dWJlAAAAAAAAAAA="}
2018-08-28 07:50:36.204  INFO 5352 --- [WebSocketWorker-19] lavalink.server.io.SocketServer          : {"op": "play", "guildId": "264445053596991498", "track": "QAAAqwIAMkp1aWNlIFdSTEQgLSBMdWNpZCBEcmVhbXMgKERpci4gYnkgQF9Db2xlQmVubmV0dF8pAB9Db2xlIEJlbm5ldHQgLSBMeXJpY2FsIExlbW9uYWRlAAAAAAADhlgAC216QjFWR0VHY1NVAAEAK2h0dHBzOi8vd3d3LnlvdXR1YmUuY29tL3dhdGNoP3Y9bXpCMVZHRUdjU1UAB3lvdXR1YmUAAAAAAAAAAA=="}
2018-08-28 07:54:30.461  INFO 5352 --- [WebSocketWorker-19] lavalink.server.io.SocketServer          : {"op": "play", "guildId": "264445053596991498", "track": "QAAAjQIAKVRoZSBTY3JpcHQgLSBTdXBlcmhlcm9lcyAoT2ZmaWNpYWwgVmlkZW8pAApUaGUgU2NyaXB0AAAAAAAELlAAC1dJbTFHZ2ZSejZNAAEAK2h0dHBzOi8vd3d3LnlvdXR1YmUuY29tL3dhdGNoP3Y9V0ltMUdnZlJ6Nk0AB3lvdXR1YmUAAAAAAAAAAA=="}
2018-08-28 07:59:11.701  INFO 5352 --- [WebSocketWorker-19] lavalink.server.io.SocketServer          : {"op": "play", "guildId": "264445053596991498", "track": "QAAAdgIAFE1hcm9vbiA1IC0gVGhpcyBMb3ZlAAhNYXJvb24gNQAAAAAAAxj4AAtYUHBUZ0NobzVaQQABACtodHRwczovL3d3dy55b3V0dWJlLmNvbS93YXRjaD92PVhQcFRnQ2hvNVpBAAd5b3V0dWJlAAAAAAAAAAA="}
2018-08-28 07:59:11.854  INFO 5352 --- [WebSocketWorker-19] lavalink.server.io.SocketServer          : {"op": "seek", "guildId": "264445053596991498", "position": 10000}
2018-08-28 07:59:21.726  WARN 5352 --- [japp-1] lavalink.server.player.EventEmitter      : Maroon 5 - This Love got stuck! Threshold surpassed: 10000
2018-08-28 07:59:21.729  INFO 5352 --- [WebSocketWorker-19] lavalink.server.io.SocketServer          : {"op": "play", "guildId": "264445053596991498", "track": "QAAAkwIAK01hZHMgTGFuZ2VyIC0gVHVubmVsIFZpc2lvbiAoT21uaW1heCB2aWRlbykADm1hZHNsYW5nZXJWRVZPAAAAAAADIMgAC016THR1WEprNnUwAAEAK2h0dHBzOi8vd3d3LnlvdXR1YmUuY29tL3dhdGNoP3Y9TXpMdHVYSms2dTAAB3lvdXR1YmUAAAAAAAAAAA=="}
2018-08-28 08:02:53.784  INFO 5352 --- [WebSocketWorker-19] lavalink.server.io.SocketServer          : {"op": "play", "guildId": "264445053596991498", "track": "QAAAkQIALEluYSBXcm9sZHNlbiAtIFN0cm9uZ2VzdCAoQWxhbiBXYWxrZXIgUmVtaXgpAAtBbGFuIFdhbGtlcgAAAAAAA4JwAAstX2xlWWZ0cnVYSQABACtodHRwczovL3d3dy55b3V0dWJlLmNvbS93YXRjaD92PS1fbGVZZnRydVhJAAd5b3V0dWJlAAAAAAAAAAA="}
2018-08-28 08:06:52.033  INFO 5352 --- [WebSocketWorker-19] lavalink.server.io.SocketServer          : {"op": "stop", "guildId": "264445053596991498"}
2018-08-28 08:08:40.390  INFO 5352 --- [http-nio-0.0.0.0-2333-exec-3] l.server.player.AudioLoaderRestHandler   : GET /loadtracks
2018-08-28 08:08:49.418  INFO 5352 --- [lava-daemon-pool-info-loader-2-thread-1] c.s.d.l.s.s.SoundCloudAudioSourceManager : Updating SoundCloud client ID (current is 2t9loNQH90kzJcsFCODdigxfp325aq4z).
2018-08-28 08:09:01.237  INFO 5352 --- [lava-daemon-pool-info-loader-2-thread-1] c.s.d.l.s.s.SoundCloudAudioSourceManager : Updating SoundCloud client ID succeeded, new ID is loyVZ5P6fbn43XaQ5AKu1bNzPdjhLUt2.
2018-08-28 08:09:06.584  INFO 5352 --- [lava-daemon-pool-info-loader-2-thread-1] lavalink.server.player.AudioLoader       : Loaded playlist chillout
2018-08-28 08:09:11.567  INFO 5352 --- [WebSocketWorker-19] lavalink.server.io.SocketServer          : {"op": "play", "guildId": "264445053596991498", "track": "QAAAowIALFRvbcOhcyBVcnF1aWV0YSAtIEFuYXRvbcOtYSAoTS5FLlMuSC4gUmVtaXgpAAVEVU1NWQAAAAAABO5CAAkyODM1ODU0MjYAAQBCaHR0cHM6Ly9zb3VuZGNsb3VkLmNvbS9kdW1teW1hZy90b21hcy11cnF1aWV0YS1hbmF0b21pYS1tZXNoLXJlbWl4AApzb3VuZGNsb3VkAAAAAAAAAAA="}
2018-08-28 08:09:16.345  INFO 5352 --- [lava-daemon-pool-playback-17-thread-6] c.s.d.l.s.s.SoundCloudAudioSourceManager : Updating SoundCloud client ID (current is 2t9loNQH90kzJcsFCODdigxfp325aq4z).
2018-08-28 08:09:21.602  WARN 5352 --- [japp-1] lavalink.server.player.EventEmitter      : Tomás Urquieta - Anatomía (M.E.S.H. Remix) got stuck! Threshold surpassed: 10000
2018-08-28 08:09:21.608  INFO 5352 --- [WebSocketWorker-19] lavalink.server.io.SocketServer          : {"op": "play", "guildId": "264445053596991498", "track": "QAAAfwIAEFNFR1VFIFNIRVBQIEtVSE4ADEFyY2hpZSBTaGVwcAAAAAAABdkyAAgxMzc5MDA3OQABADRodHRwczovL3NvdW5kY2xvdWQuY29tL2FyY2hpZS1zaGVwcC9zZWd1ZS1zaGVwcC1rdWhuAApzb3VuZGNsb3VkAAAAAAAAAAA="}
2018-08-28 08:09:27.615  INFO 5352 --- [lava-daemon-pool-playback-17-thread-6] c.s.d.l.s.s.SoundCloudAudioSourceManager : Updating SoundCloud client ID succeeded, new ID is loyVZ5P6fbn43XaQ5AKu1bNzPdjhLUt2.
2018-08-28 08:09:31.613  WARN 5352 --- [japp-1] lavalink.server.player.EventEmitter      : SEGUE SHEPP KUHN got stuck! Threshold surpassed: 10000
2018-08-28 08:09:31.616  INFO 5352 --- [WebSocketWorker-19] lavalink.server.io.SocketServer          : {"op": "play", "guildId": "264445053596991498", "track": "QAAAxAIANUhhbGwgJiBPYXRlcyAtIFNoZSdzIEdvbmUgKERhdmUgSGFycmluZ3RvbiBEaXNjbyBEdWIpAA5EYXZlSGFycmluZ3RvbgAAAAAABYBKAAkyMzcxMDI0MjIAAQBRaHR0cHM6Ly9zb3VuZGNsb3VkLmNvbS9oYXJyaW5ndG9uZS9oYWxsLW9hdGVzLXNoZXMtZ29uZS1kYXZlLWhhcnJpbmd0b24tZGlzY28tZHViAApzb3VuZGNsb3VkAAAAAAAAAAA="}
2018-08-28 08:11:03.438  INFO 5352 --- [WebSocketWorker-19] lavalink.server.io.SocketServer          : {"op": "play", "guildId": "264445053596991498", "track": "QAAAmgIALUphbWVzIEJsYWtlIC0gTGltaXQgVG8gWW91ciBMb3ZlIChLeWdvIFJlbWl4KQAES3lnbwAAAAAABl/JAAg4ODMwMjQ5OAABADpodHRwczovL3NvdW5kY2xvdWQuY29tL2t5Z28vamFtZXMtYmxha2UtbGltaXQtdG8teW91ci1sb3ZlAApzb3VuZGNsb3VkAAAAAAAAAAA="}
2018-08-28 08:18:03.586  INFO 5352 --- [WebSocketWorker-19] lavalink.server.io.SocketServer          : {"op": "play", "guildId": "264445053596991498", "track": "QAAAoQIALE5vZW1hICJMYXRlIGF0IE5pZ2h0IiDigJMgQm9pbGVyIFJvb20gRGVidXRzAAtCT0lMRVIgUk9PTQAAAAAABylUAAkyMDY2NzM0NjMAAQA6aHR0cHM6Ly9zb3VuZGNsb3VkLmNvbS9wbGF0Zm9ybS9ub2VtYS1sYXRlLWF0LW5pZ2h0LWJvaWxlcgAKc291bmRjbG91ZAAAAAAAAAAA"}
2018-08-28 08:25:56.549  INFO 5352 --- [WebSocketWorker-19] lavalink.server.io.SocketServer          : {"op": "play", "guildId": "264445053596991498", "track": "QAAAsQIAJlNFQ0FJIC8gTmV3IEVpZ2EgRmVhdHVyaW5nIFRFTk5JU0NPQVRTABJBZnRlcmhvdXJzIFJlY29yZHMAAAAAAARokwAJMjczNzY1MjgwAAEASWh0dHBzOi8vc291bmRjbG91ZC5jb20vYWZ0ZXJob3Vycy1qcC9zZWNhaS1uZXctZWlnYS1mZWF0dXJpbmctdGVubmlzY29hdHMACnNvdW5kY2xvdWQAAAAAAAAAAA=="}
2018-08-28 08:30:52.172  INFO 5352 --- [WebSocketWorker-19] lavalink.server.io.SocketServer          : {"op": "play", "guildId": "264445053596991498", "track": "QAAA2AIAOE1hcmsgQmFycm90dCAtIFNrZXRjaGVzIEZyb20gQW4gSXNsYW5kIDIgKEFsYnVtIFNhbXBsZXIpABJJbnRlcm5hdGlvbmFsIEZlZWwAAAAAAAly5gAJMjY0NzM2MjU5AAEAXmh0dHBzOi8vc291bmRjbG91ZC5jb20vaW50ZXJuYXRpb25hbC1mZWVsL21hcmstYmFycm90dC1za2V0Y2hlcy1mcm9tLWFuLWlzbGFuZC0yLWFsYnVtLXNhbXBsZXIACnNvdW5kY2xvdWQAAAAAAAAAAA=="}
2018-08-28 08:37:47.722  INFO 5352 --- [WebSocketWorker-19] lavalink.server.io.SocketServer          : {"op": "stop", "guildId": "264445053596991498"}
2018-08-28 08:38:01.444  INFO 5352 --- [http-nio-0.0.0.0-2333-exec-6] l.server.player.AudioLoaderRestHandler   : GET /loadtracks
2018-08-28 08:38:07.596  INFO 5352 --- [lava-daemon-pool-info-loader-2-thread-1] lavalink.server.player.AudioLoader       : Loaded playlist Search results for: i would lke r3hab
2018-08-28 08:38:12.547  INFO 5352 --- [WebSocketWorker-19] lavalink.server.io.SocketServer          : {"op": "play", "guildId": "264445053596991498", "track": "QAAAiAIAKVphcmEgTGFyc3NvbiAtIEkgV291bGQgTGlrZSAoUjNoYWIgUmVtaXgpAAVSM0hBQgAAAAAAAkIgAAtJMENOd1lMQlRrcwABACtodHRwczovL3d3dy55b3V0dWJlLmNvbS93YXRjaD92PUkwQ053WUxCVGtzAAd5b3V0dWJlAAAAAAAAAAA="}
2018-08-28 08:38:22.581  WARN 5352 --- [japp-2] lavalink.server.player.EventEmitter      : Zara Larsson - I Would Like (R3hab Remix) got stuck! Threshold surpassed: 10000
2018-08-28 08:38:22.584  INFO 5352 --- [WebSocketWorker-19] lavalink.server.io.SocketServer          : {"op": "stop", "guildId": "264445053596991498"}
2018-08-28 08:38:35.358  INFO 5352 --- [http-nio-0.0.0.0-2333-exec-9] l.server.player.AudioLoaderRestHandler   : GET /loadtracks
2018-08-28 08:38:37.386  INFO 5352 --- [lava-daemon-pool-info-loader-2-thread-1] lavalink.server.player.AudioLoader       : Loaded playlist Search results for: i would like r3hab
2018-08-28 08:38:38.620  INFO 5352 --- [WebSocketWorker-19] lavalink.server.io.SocketServer          : {"op": "play", "guildId": "264445053596991498", "track": "QAAAiAIAKVphcmEgTGFyc3NvbiAtIEkgV291bGQgTGlrZSAoUjNoYWIgUmVtaXgpAAVSM0hBQgAAAAAAAkIgAAtJMENOd1lMQlRrcwABACtodHRwczovL3d3dy55b3V0dWJlLmNvbS93YXRjaD92PUkwQ053WUxCVGtzAAd5b3V0dWJlAAAAAAAAAAA="}
2018-08-28 08:41:13.628  INFO 5352 --- [WebSocketWorker-19] lavalink.server.io.SocketServer          : {"op": "stop", "guildId": "264445053596991498"}
2018-08-28 08:44:42.439  INFO 5352 --- [http-nio-0.0.0.0-2333-exec-2] l.server.player.AudioLoaderRestHandler   : GET /loadtracks
2018-08-28 08:44:48.712  INFO 5352 --- [lava-daemon-pool-info-loader-2-thread-1] lavalink.server.player.AudioLoader       : Loaded playlist Search results for: attention
2018-08-28 08:44:53.550  INFO 5352 --- [WebSocketWorker-19] lavalink.server.io.SocketServer          : {"op": "play", "guildId": "264445053596991498", "track": "QAAAjwIAKUNoYXJsaWUgUHV0aCAtIEF0dGVudGlvbiBbT2ZmaWNpYWwgVmlkZW9dAAxDaGFybGllIFB1dGgAAAAAAAOKQAALbmZzOE5ZZzd5UU0AAQAraHR0cHM6Ly93d3cueW91dHViZS5jb20vd2F0Y2g/dj1uZnM4TllnN3lRTQAHeW91dHViZQAAAAAAAAAA"}
2018-08-28 08:45:03.570  WARN 5352 --- [japp-5] lavalink.server.player.EventEmitter      : Charlie Puth - Attention [Official Video] got stuck! Threshold surpassed: 10000
2018-08-28 08:45:03.573  INFO 5352 --- [WebSocketWorker-19] lavalink.server.io.SocketServer          : {"op": "stop", "guildId": "264445053596991498"}
2018-08-28 08:45:16.725  INFO 5352 --- [http-nio-0.0.0.0-2333-exec-5] l.server.player.AudioLoaderRestHandler   : GET /loadtracks
2018-08-28 08:45:18.391  INFO 5352 --- [lava-daemon-pool-info-loader-2-thread-1] lavalink.server.player.AudioLoader       : Loaded playlist Search results for: attention
2018-08-28 08:45:19.587  INFO 5352 --- [WebSocketWorker-19] lavalink.server.io.SocketServer          : {"op": "play", "guildId": "264445053596991498", "track": "QAAAjwIAKUNoYXJsaWUgUHV0aCAtIEF0dGVudGlvbiBbT2ZmaWNpYWwgVmlkZW9dAAxDaGFybGllIFB1dGgAAAAAAAOKQAALbmZzOE5ZZzd5UU0AAQAraHR0cHM6Ly93d3cueW91dHViZS5jb20vd2F0Y2g/dj1uZnM4TllnN3lRTQAHeW91dHViZQAAAAAAAAAA"}
2018-08-28 08:46:37.517  INFO 5352 --- [http-nio-0.0.0.0-2333-exec-8] l.server.player.AudioLoaderRestHandler   : GET /loadtracks
2018-08-28 08:46:38.408  INFO 5352 --- [lava-daemon-pool-info-loader-2-thread-1] lavalink.server.player.AudioLoader       : Loaded playlist Search results for: mad love
2018-08-28 08:49:19.374  INFO 5352 --- [WebSocketWorker-19] lavalink.server.io.SocketServer          : {"op": "play", "guildId": "264445053596991498", "track": "QAAAkQIALlNlYW4gUGF1bCwgRGF2aWQgR3VldHRhIC0gTWFkIExvdmUgZnQuIEJlY2t5IEcACVNlYW4gUGF1bAAAAAAAAw1AAAttbGY0YmlkcDJ5YwABACtodHRwczovL3d3dy55b3V0dWJlLmNvbS93YXRjaD92PW1sZjRiaWRwMnljAAd5b3V0dWJlAAAAAAAAAAA="}
2018-08-28 08:52:47.799  INFO 5352 --- [WebSocketWorker-19] lavalink.server.io.SocketServer          : {"op": "stop", "guildId": "264445053596991498"}
2018-08-28 08:53:59.343  INFO 5352 --- [WebSocketWorker-19] lavalink.server.io.SocketServer          : {"op": "stop", "guildId": "264445053596991498"}
2018-08-28 09:03:33.346  INFO 5352 --- [http-nio-0.0.0.0-2333-exec-1] l.server.player.AudioLoaderRestHandler   : GET /loadtracks
2018-08-28 09:03:35.131  INFO 5352 --- [WebSocketWorker-19] lavalink.server.io.SocketServer          : {"sessionId": "288ba4ce788ca9ba928ed6bdc819576c", "op": "voiceUpdate", "guildId": "264445053596991498", "event": {"token": "707d0d8b44e25dbe", "guild_id": "264445053596991498", "endpoint": "eu-west236.discord.gg:80"}}
2018-08-28 09:03:37.533  INFO 5352 --- [lava-daemon-pool-info-loader-2-thread-1] lavalink.server.player.AudioLoader       : Loaded track Calvin Harris & John Newman - Blame (R3hab Remix)
2018-08-28 09:03:42.494  INFO 5352 --- [WebSocketWorker-19] lavalink.server.io.SocketServer          : {"op": "play", "guildId": "264445053596991498", "track": "QAAArgIAMUNhbHZpbiBIYXJyaXMgJiBKb2huIE5ld21hbiAtIEJsYW1lIChSM2hhYiBSZW1peCkABVIzSEFCAAAAAAADAXQACTE3MzA2NjY4MQABAEhodHRwczovL3NvdW5kY2xvdWQuY29tL3IzaGFiL2NhbHZpbi1oYXJyaXMtam9obi1uZXdtYW4tYmxhbWUtcjNoYWItcmVtaXgACnNvdW5kY2xvdWQAAAAAAAAAAA=="}
2018-08-28 09:04:07.782  INFO 5352 --- [WebSocketWorker-19] lavalink.server.io.SocketServer          : {"op": "stop", "guildId": "264445053596991498"}
2018-08-28 09:04:09.469  INFO 5352 --- [http-nio-0.0.0.0-2333-exec-4] l.server.player.AudioLoaderRestHandler   : GET /loadtracks
2018-08-28 09:04:10.559  INFO 5352 --- [WebSocketWorker-19] lavalink.server.io.SocketServer          : {"sessionId": "288ba4ce788ca9ba928ed6bdc819576c", "op": "voiceUpdate", "guildId": "264445053596991498", "event": {"token": "7f013ea65ce0c958", "guild_id": "264445053596991498", "endpoint": "eu-west236.discord.gg:80"}}
2018-08-28 09:04:14.708  INFO 5352 --- [lava-daemon-pool-info-loader-2-thread-1] lavalink.server.player.AudioLoader       : Loaded track Calvin Harris & John Newman - Blame (R3hab Remix)
2018-08-28 09:04:15.927  INFO 5352 --- [WebSocketWorker-19] lavalink.server.io.SocketServer          : {"op": "play", "guildId": "264445053596991498", "track": "QAAArgIAMUNhbHZpbiBIYXJyaXMgJiBKb2huIE5ld21hbiAtIEJsYW1lIChSM2hhYiBSZW1peCkABVIzSEFCAAAAAAADAXQACTE3MzA2NjY4MQABAEhodHRwczovL3NvdW5kY2xvdWQuY29tL3IzaGFiL2NhbHZpbi1oYXJyaXMtam9obi1uZXdtYW4tYmxhbWUtcjNoYWItcmVtaXgACnNvdW5kY2xvdWQAAAAAAAAAAA=="}
2018-08-28 09:04:39.451  INFO 5352 --- [WebSocketWorker-19] lavalink.server.io.SocketServer          : {"op": "pause", "guildId": "264445053596991498", "pause": true}
2018-08-28 09:04:41.579  INFO 5352 --- [WebSocketWorker-19] lavalink.server.io.SocketServer          : {"op": "pause", "guildId": "264445053596991498", "pause": false}
2018-08-28 09:05:46.991  INFO 5352 --- [WebSocketWorker-19] lavalink.server.io.SocketServer          : {"op": "stop", "guildId": "264445053596991498"}
2018-08-28 09:06:07.833  INFO 5352 --- [http-nio-0.0.0.0-2333-exec-7] l.server.player.AudioLoaderRestHandler   : GET /loadtracks
2018-08-28 09:06:08.614  INFO 5352 --- [WebSocketWorker-19] lavalink.server.io.SocketServer          : {"sessionId": "288ba4ce788ca9ba928ed6bdc819576c", "op": "voiceUpdate", "guildId": "264445053596991498", "event": {"token": "2db18fa1820c93bf", "guild_id": "264445053596991498", "endpoint": "eu-west236.discord.gg:80"}}
2018-08-28 09:06:12.618  INFO 5352 --- [lava-daemon-pool-info-loader-2-thread-1] lavalink.server.player.AudioLoader       : Loaded track Calvin Harris & John Newman - Blame (R3hab Remix)
2018-08-28 09:06:17.489  INFO 5352 --- [WebSocketWorker-19] lavalink.server.io.SocketServer          : {"op": "play", "guildId": "264445053596991498", "track": "QAAArgIAMUNhbHZpbiBIYXJyaXMgJiBKb2huIE5ld21hbiAtIEJsYW1lIChSM2hhYiBSZW1peCkABVIzSEFCAAAAAAADAXQACTE3MzA2NjY4MQABAEhodHRwczovL3NvdW5kY2xvdWQuY29tL3IzaGFiL2NhbHZpbi1oYXJyaXMtam9obi1uZXdtYW4tYmxhbWUtcjNoYWItcmVtaXgACnNvdW5kY2xvdWQAAAAAAAAAAA=="}
2018-08-28 09:06:33.321  INFO 5352 --- [WebSocketWorker-19] lavalink.server.io.SocketServer          : {"op": "stop", "guildId": "264445053596991498"}
2018-08-28 09:06:54.363  INFO 5352 --- [http-nio-0.0.0.0-2333-exec-10] l.server.player.AudioLoaderRestHandler   : GET /loadtracks
2018-08-28 09:06:56.371  INFO 5352 --- [WebSocketWorker-19] lavalink.server.io.SocketServer          : {"sessionId": "288ba4ce788ca9ba928ed6bdc819576c", "op": "voiceUpdate", "guildId": "329993146651901952", "event": {"token": "aefd586232ceb3fa", "guild_id": "329993146651901952", "endpoint": "eu-west726.discord.gg:80"}}
2018-08-28 09:06:59.644  INFO 5352 --- [lava-daemon-pool-info-loader-2-thread-1] lavalink.server.player.AudioLoader       : Loaded track Calvin Harris & John Newman - Blame (R3hab Remix)
2018-08-28 09:07:04.524  INFO 5352 --- [WebSocketWorker-19] lavalink.server.io.SocketServer          : {"op": "play", "guildId": "329993146651901952", "track": "QAAArgIAMUNhbHZpbiBIYXJyaXMgJiBKb2huIE5ld21hbiAtIEJsYW1lIChSM2hhYiBSZW1peCkABVIzSEFCAAAAAAADAXQACTE3MzA2NjY4MQABAEhodHRwczovL3NvdW5kY2xvdWQuY29tL3IzaGFiL2NhbHZpbi1oYXJyaXMtam9obi1uZXdtYW4tYmxhbWUtcjNoYWItcmVtaXgACnNvdW5kY2xvdWQAAAAAAAAAAA=="}
2018-08-28 09:07:24.314  INFO 5352 --- [WebSocketWorker-19] lavalink.server.io.SocketServer          : {"op": "stop", "guildId": "329993146651901952"}
2018-08-28 09:07:39.429  INFO 5352 --- [http-nio-0.0.0.0-2333-exec-3] l.server.player.AudioLoaderRestHandler   : GET /loadtracks
2018-08-28 09:07:41.306  INFO 5352 --- [WebSocketWorker-19] lavalink.server.io.SocketServer          : {"sessionId": "288ba4ce788ca9ba928ed6bdc819576c", "op": "voiceUpdate", "guildId": "329993146651901952", "event": {"token": "e2854499fbf06eb0", "guild_id": "329993146651901952", "endpoint": "eu-west726.discord.gg:80"}}
2018-08-28 09:07:44.711  INFO 5352 --- [lava-daemon-pool-info-loader-2-thread-1] lavalink.server.player.AudioLoader       : Loaded track Calvin Harris & John Newman - Blame (R3hab Remix)
2018-08-28 09:07:45.467  INFO 5352 --- [WebSocketWorker-19] lavalink.server.io.SocketServer          : {"op": "play", "guildId": "329993146651901952", "track": "QAAArgIAMUNhbHZpbiBIYXJyaXMgJiBKb2huIE5ld21hbiAtIEJsYW1lIChSM2hhYiBSZW1peCkABVIzSEFCAAAAAAADAXQACTE3MzA2NjY4MQABAEhodHRwczovL3NvdW5kY2xvdWQuY29tL3IzaGFiL2NhbHZpbi1oYXJyaXMtam9obi1uZXdtYW4tYmxhbWUtcjNoYWItcmVtaXgACnNvdW5kY2xvdWQAAAAAAAAAAA=="}
2018-08-28 09:08:00.725  INFO 5352 --- [WebSocketWorker-19] lavalink.server.io.SocketServer          : {"op": "stop", "guildId": "329993146651901952"}
2018-08-28 09:08:13.476  INFO 5352 --- [http-nio-0.0.0.0-2333-exec-6] l.server.player.AudioLoaderRestHandler   : GET /loadtracks
2018-08-28 09:08:15.304  INFO 5352 --- [WebSocketWorker-19] lavalink.server.io.SocketServer          : {"sessionId": "288ba4ce788ca9ba928ed6bdc819576c", "op": "voiceUpdate", "guildId": "264445053596991498", "event": {"token": "50ea01ca1dd41004", "guild_id": "264445053596991498", "endpoint": "eu-west236.discord.gg:80"}}
2018-08-28 09:08:18.618  INFO 5352 --- [lava-daemon-pool-info-loader-2-thread-1] lavalink.server.player.AudioLoader       : Loaded track Calvin Harris & John Newman - Blame (R3hab Remix)
2018-08-28 09:08:19.121  INFO 5352 --- [WebSocketWorker-19] lavalink.server.io.SocketServer          : {"op": "play", "guildId": "264445053596991498", "track": "QAAArgIAMUNhbHZpbiBIYXJyaXMgJiBKb2huIE5ld21hbiAtIEJsYW1lIChSM2hhYiBSZW1peCkABVIzSEFCAAAAAAADAXQACTE3MzA2NjY4MQABAEhodHRwczovL3NvdW5kY2xvdWQuY29tL3IzaGFiL2NhbHZpbi1oYXJyaXMtam9obi1uZXdtYW4tYmxhbWUtcjNoYWItcmVtaXgACnNvdW5kY2xvdWQAAAAAAAAAAA=="}
2018-08-28 09:11:41.210  INFO 5352 --- [WebSocketWorker-19] lavalink.server.io.SocketServer          : {"op": "stop", "guildId": "264445053596991498"}
2018-08-28 09:11:59.451  INFO 5352 --- [http-nio-0.0.0.0-2333-exec-9] l.server.player.AudioLoaderRestHandler   : GET /loadtracks
2018-08-28 09:12:04.697  INFO 5352 --- [lava-daemon-pool-info-loader-2-thread-1] lavalink.server.player.AudioLoader       : Loaded track Rihanna & Drake - Work (R3hab Remix)
2018-08-28 09:12:09.472  INFO 5352 --- [WebSocketWorker-19] lavalink.server.io.SocketServer          : {"op": "play", "guildId": "264445053596991498", "track": "QAAAlAIAJFJpaGFubmEgJiBEcmFrZSAtIFdvcmsgKFIzaGFiIFJlbWl4KQAFUjNIQUIAAAAAAANXygAJMjUyNzM5MzExAAEAO2h0dHBzOi8vc291bmRjbG91ZC5jb20vcjNoYWIvcmloYW5uYS1kcmFrZS13b3JrLXIzaGFiLXJlbWl4AApzb3VuZGNsb3VkAAAAAAAAAAA="}
2018-08-28 09:13:11.747  INFO 5352 --- [http-nio-0.0.0.0-2333-exec-2] l.server.player.AudioLoaderRestHandler   : GET /loadtracks
2018-08-28 09:13:13.545  INFO 5352 --- [lava-daemon-pool-info-loader-2-thread-1] lavalink.server.player.AudioLoader       : Loaded track Calvin Harris & Ellie Goulding - I Need Your Love (R3hab Remix)
2018-08-28 09:15:53.633  INFO 5352 --- [WebSocketWorker-19] lavalink.server.io.SocketServer          : {"op": "play", "guildId": "264445053596991498", "track": "QAAArgIAP0NhbHZpbiBIYXJyaXMgJiBFbGxpZSBHb3VsZGluZyAtIEkgTmVlZCBZb3VyIExvdmUgKFIzaGFiIFJlbWl4KQAFUjNIQUIAAAAAAAO3UAAIOTUzMDY3MTkAAQA7aHR0cHM6Ly9zb3VuZGNsb3VkLmNvbS9yM2hhYi9jYWx2aW4taGFycmlzLWVsbGllLWdvdWxkaW5nLWkACnNvdW5kY2xvdWQAAAAAAAAAAA=="}
2018-08-28 09:20:05.161  INFO 5352 --- [WebSocketWorker-19] lavalink.server.io.SocketServer          : {"op": "stop", "guildId": "264445053596991498"}
2018-08-28 09:23:50.356  INFO 5352 --- [http-nio-0.0.0.0-2333-exec-5] l.server.player.AudioLoaderRestHandler   : GET /loadtracks
2018-08-28 09:23:55.611  INFO 5352 --- [lava-daemon-pool-info-loader-2-thread-1] lavalink.server.player.AudioLoader       : Loaded track Calvin Harris & Rihanna - This Is What You Came For(R3hab & Henry Fong Remix)
2018-08-28 09:24:00.497  INFO 5352 --- [WebSocketWorker-19] lavalink.server.io.SocketServer          : {"op": "play", "guildId": "264445053596991498", "track": "QAAA3QIATUNhbHZpbiBIYXJyaXMgJiBSaWhhbm5hIC0gVGhpcyBJcyBXaGF0IFlvdSBDYW1lIEZvcihSM2hhYiAmIEhlbnJ5IEZvbmcgUmVtaXgpAAVSM0hBQgAAAAAAAwFbAAkyNjk1ODU3MDIAAQBbaHR0cHM6Ly9zb3VuZGNsb3VkLmNvbS9yM2hhYi9jYWx2aW4taGFycmlzLXRoaXMtaXMtd2hhdC15b3UtY2FtZS1mb3ItcjNoYWItaGVucnktZm9uZy1yZW1peAAKc291bmRjbG91ZAAAAAAAAAAA"}
2018-08-28 09:27:14.488  INFO 5352 --- [http-nio-0.0.0.0-2333-exec-8] l.server.player.AudioLoaderRestHandler   : GET /loadtracks
2018-08-28 09:27:16.220  INFO 5352 --- [lava-daemon-pool-info-loader-2-thread-1] lavalink.server.player.AudioLoader       : Loaded track The Chainsmokers & Halsey- Closer (R3hab Remix)
2018-08-28 09:27:26.554  INFO 5352 --- [WebSocketWorker-19] lavalink.server.io.SocketServer          : {"op": "play", "guildId": "264445053596991498", "track": "QAAArQIAL1RoZSBDaGFpbnNtb2tlcnMgJiBIYWxzZXktIENsb3NlciAoUjNoYWIgUmVtaXgpAAVSM0hBQgAAAAAAAnShAAkyODQyNTAxMTkAAQBJaHR0cHM6Ly9zb3VuZGNsb3VkLmNvbS9yM2hhYi90aGUtY2hhaW5zbW9rZXJzLWhhbHNleS1jbG9zZXItcjNoYWItcmVtaXgtMQAKc291bmRjbG91ZAAAAAAAAAAA"}
2018-08-28 09:27:43.192  INFO 5352 --- [http-nio-0.0.0.0-2333-exec-1] l.server.player.AudioLoaderRestHandler   : GET /loadtracks
2018-08-28 09:27:44.620  INFO 5352 --- [lava-daemon-pool-info-loader-2-thread-1] lavalink.server.player.AudioLoader       : Loaded track David Guetta & Ne-Yo - Play Hard (R3hab Remix)
2018-08-28 09:30:11.073  INFO 5352 --- [WebSocketWorker-19] lavalink.server.io.SocketServer          : {"op": "play", "guildId": "264445053596991498", "track": "QAAAmwIALkRhdmlkIEd1ZXR0YSAmIE5lLVlvIC0gUGxheSBIYXJkIChSM2hhYiBSZW1peCkABVIzSEFCAAAAAAAD1TYACDg1MjIwMTA3AAEAOWh0dHBzOi8vc291bmRjbG91ZC5jb20vcjNoYWIvZGF2aWQtZ3VldHRhLW5lLXlvLXBsYXktaGFyZAAKc291bmRjbG91ZAAAAAAAAAAA"}
2018-08-28 09:30:39.292  INFO 5352 --- [http-nio-0.0.0.0-2333-exec-4] l.server.player.AudioLoaderRestHandler   : GET /loadtracks
2018-08-28 09:30:41.186  INFO 5352 --- [lava-daemon-pool-info-loader-2-thread-1] lavalink.server.player.AudioLoader       : Loaded track Calvin Harris + Disciples - How Deep Is Your Love (Calvin Harris & R3hab Remix)
2018-08-28 09:34:25.406  INFO 5352 --- [WebSocketWorker-19] lavalink.server.io.SocketServer          : {"op": "play", "guildId": "264445053596991498", "track": "QAAA9wIAT0NhbHZpbiBIYXJyaXMgKyBEaXNjaXBsZXMgLSBIb3cgRGVlcCBJcyBZb3VyIExvdmUgKENhbHZpbiBIYXJyaXMgJiBSM2hhYiBSZW1peCkADUNhbHZpbiBIYXJyaXMAAAAAAAPqBwAJMjE3OTQwMTE2AAEAa2h0dHBzOi8vc291bmRjbG91ZC5jb20vY2FsdmluaGFycmlzL2NhbHZpbi1oYXJyaXMtZGlzY2lwbGVzLWhvdy1kZWVwLWlzLXlvdXItbG92ZS1jYWx2aW4taGFycmlzLXIzaGFiLXJlbWl4AApzb3VuZGNsb3VkAAAAAAAAAAA="}
2018-08-28 09:38:47.941  INFO 5352 --- [WebSocketWorker-19] lavalink.server.io.SocketServer          : {"op": "stop", "guildId": "264445053596991498"}
2018-08-28 09:43:17.447  INFO 5352 --- [http-nio-0.0.0.0-2333-exec-7] l.server.player.AudioLoaderRestHandler   : GET /loadtracks
2018-08-28 09:43:24.316  INFO 5352 --- [lava-daemon-pool-info-loader-2-thread-1] lavalink.server.player.AudioLoader       : Loaded playlist Search results for: r3hab
2018-08-28 09:43:29.508  INFO 5352 --- [WebSocketWorker-19] lavalink.server.io.SocketServer          : {"op": "play", "guildId": "264445053596991498", "track": "QAAAnQIAM1IzSEFCICYgVklOQUkgLSBIb3cgV2UgUGFydHkgKE9mZmljaWFsIE11c2ljIFZpZGVvKQAQU3Bpbm5pbicgUmVjb3JkcwAAAAAAAuYwAAtUTDFCeUFJZjhDawABACtodHRwczovL3d3dy55b3V0dWJlLmNvbS93YXRjaD92PVRMMUJ5QUlmOENrAAd5b3V0dWJlAAAAAAAAAAA="}
2018-08-28 09:43:39.541  WARN 5352 --- [japp-8] lavalink.server.player.EventEmitter      : R3HAB & VINAI - How We Party (Official Music Video) got stuck! Threshold surpassed: 10000
2018-08-28 09:43:39.543  INFO 5352 --- [WebSocketWorker-19] lavalink.server.io.SocketServer          : {"op": "stop", "guildId": "264445053596991498"}
2018-08-28 09:44:02.315  INFO 5352 --- [http-nio-0.0.0.0-2333-exec-10] l.server.player.AudioLoaderRestHandler   : GET /loadtracks
2018-08-28 09:44:04.423  INFO 5352 --- [lava-daemon-pool-info-loader-2-thread-1] lavalink.server.player.AudioLoader       : Loaded playlist Search results for: Mix - R3hab: http://www.youtube.com/watch?v=XrMssQ2JB48&list=RDEMUCY0hSSbByuwz1sJ8EhR0g
2018-08-28 09:44:09.555  INFO 5352 --- [WebSocketWorker-19] lavalink.server.io.SocketServer          : {"op": "play", "guildId": "264445053596991498", "track": "QAAAkQIALlRyYXAgTWl4IHwgUjNIQUIgVHJhcCBDaXR5IDEwTSBTdWJzY3JpYmVycyBNaXgACVRyYXAgQ2l0eQAAAAAANyFIAAt3SFBObGdDTWdWWQABACtodHRwczovL3d3dy55b3V0dWJlLmNvbS93YXRjaD92PXdIUE5sZ0NNZ1ZZAAd5b3V0dWJlAAAAAAAAAAA="}
2018-08-28 09:44:15.313  INFO 5352 --- [http-nio-0.0.0.0-2333-exec-2] l.server.player.AudioLoaderRestHandler   : GET /loadtracks
2018-08-28 09:44:19.592  WARN 5352 --- [japp-8] lavalink.server.player.EventEmitter      : Trap Mix | R3HAB Trap City 10M Subscribers Mix got stuck! Threshold surpassed: 10000
2018-08-28 09:44:19.595  INFO 5352 --- [WebSocketWorker-19] lavalink.server.io.SocketServer          : {"op": "stop", "guildId": "264445053596991498"}
2018-08-28 09:44:41.424  INFO 5352 --- [http-nio-0.0.0.0-2333-exec-3] l.server.player.AudioLoaderRestHandler   : GET /loadtracks
2018-08-28 09:45:53.722  INFO 5352 --- [WebSocketWorker-19] lavalink.server.io.SocketServer          : {"op": "stop", "guildId": "264445053596991498"}
2018-08-28 09:46:16.482  INFO 5352 --- [http-nio-0.0.0.0-2333-exec-6] l.server.player.AudioLoaderRestHandler   : GET /loadtracks
2018-08-28 09:46:17.556  INFO 5352 --- [WebSocketWorker-19] lavalink.server.io.SocketServer          : {"sessionId": "288ba4ce788ca9ba928ed6bdc819576c", "op": "voiceUpdate", "guildId": "329993146651901952", "event": {"token": "7699bd8f1ba5e064", "guild_id": "329993146651901952", "endpoint": "eu-west726.discord.gg:80"}}
2018-08-28 09:46:24.471  INFO 5352 --- [lava-daemon-pool-info-loader-2-thread-1] lavalink.server.player.AudioLoader       : Loaded playlist YouTube mix
2018-08-28 09:48:30.383  INFO 5352 --- [lava-daemon-pool-info-loader-2-thread-2] lavalink.server.player.AudioLoader       : Loaded playlist YouTube mix
2018-08-28 09:49:37.757  INFO 5352 --- [http-nio-0.0.0.0-2333-exec-8] l.server.player.AudioLoaderRestHandler   : GET /loadtracks
2018-08-28 09:50:39.437  INFO 5352 --- [lava-daemon-pool-info-loader-2-thread-1] lavalink.server.player.AudioLoader       : Loaded playlist YouTube mix
2018-08-28 09:50:43.614  INFO 5352 --- [lava-daemon-pool-info-loader-2-thread-1] lavalink.server.player.AudioLoader       : Loaded playlist Search results for: r3hab mad love
2018-08-28 09:52:10.392  INFO 5352 --- [http-nio-0.0.0.0-2333-exec-10] l.server.player.AudioLoaderRestHandler   : GET /loadtracks
2018-08-28 09:52:12.390  INFO 5352 --- [lava-daemon-pool-info-loader-2-thread-1] lavalink.server.player.AudioLoader       : Loaded playlist Search results for: r3hab closer
2018-08-28 09:52:13.505  INFO 5352 --- [WebSocketWorker-19] lavalink.server.io.SocketServer          : {"op": "play", "guildId": "329993146651901952", "track": "QAAAogIAOFRoZSBDaGFpbnNtb2tlcnMgLSBDbG9zZXIgKFIzaGFiIFJlbWl4IEF1ZGlvKSBmdC4gSGFsc2V5ABBUaGUgQ2hhaW5zbW9rZXJzAAAAAAACfLgAC2lEdU5jRTQ0SUNZAAEAK2h0dHBzOi8vd3d3LnlvdXR1YmUuY29tL3dhdGNoP3Y9aUR1TmNFNDRJQ1kAB3lvdXR1YmUAAAAAAAAAAA=="}
2018-08-28 09:52:23.529  WARN 5352 --- [japp-8] lavalink.server.player.EventEmitter      : The Chainsmokers - Closer (R3hab Remix Audio) ft. Halsey got stuck! Threshold surpassed: 10000
2018-08-28 09:52:23.533  INFO 5352 --- [WebSocketWorker-19] lavalink.server.io.SocketServer          : {"op": "stop", "guildId": "329993146651901952"}
2018-08-28 09:52:40.414  INFO 5352 --- [WebSocketWorker-19] lavalink.server.io.SocketServer          : {"op": "stop", "guildId": "329993146651901952"}
2018-08-28 09:53:02.418  INFO 5352 --- [http-nio-0.0.0.0-2333-exec-3] l.server.player.AudioLoaderRestHandler   : GET /loadtracks
2018-08-28 09:53:03.577  INFO 5352 --- [WebSocketWorker-19] lavalink.server.io.SocketServer          : {"sessionId": "288ba4ce788ca9ba928ed6bdc819576c", "op": "voiceUpdate", "guildId": "329993146651901952", "event": {"token": "82961b226e7b7a73", "guild_id": "329993146651901952", "endpoint": "eu-west726.discord.gg:80"}}
2018-08-28 09:53:04.308  INFO 5352 --- [lava-daemon-pool-info-loader-2-thread-1] lavalink.server.player.AudioLoader       : Loaded playlist Search results for: closer r3hab
2018-08-28 09:53:05.516  INFO 5352 --- [WebSocketWorker-19] lavalink.server.io.SocketServer          : {"op": "play", "guildId": "329993146651901952", "track": "QAAAogIAOFRoZSBDaGFpbnNtb2tlcnMgLSBDbG9zZXIgKFIzaGFiIFJlbWl4IEF1ZGlvKSBmdC4gSGFsc2V5ABBUaGUgQ2hhaW5zbW9rZXJzAAAAAAACfLgAC2lEdU5jRTQ0SUNZAAEAK2h0dHBzOi8vd3d3LnlvdXR1YmUuY29tL3dhdGNoP3Y9aUR1TmNFNDRJQ1kAB3lvdXR1YmUAAAAAAAAAAA=="}
2018-08-28 09:55:57.364  INFO 5352 --- [WebSocketWorker-19] lavalink.server.io.SocketServer          : {"op": "stop", "guildId": "329993146651901952"}
2018-08-28 09:56:05.342  INFO 5352 --- [http-nio-0.0.0.0-2333-exec-6] l.server.player.AudioLoaderRestHandler   : GET /loadtracks
2018-08-28 09:56:15.528  INFO 5352 --- [lava-daemon-pool-info-loader-2-thread-1] lavalink.server.player.AudioLoader       : Loaded playlist Chill Out 2018
2018-08-28 09:56:16.580  INFO 5352 --- [WebSocketWorker-19] lavalink.server.io.SocketServer          : {"op": "play", "guildId": "329993146651901952", "track": "QAAA0AIAOVRlbGwgTWUgU29tZXRoaW5nIEdvb2QgKHByb2QuICBieSBDYXJuZXl2YWwgZmVhdC4gU29waGlhKQANSmFja3NvbiBCcmVpdAAAAAAAAwZ0AAkyMDgyNzcyODkAAQBaaHR0cHM6Ly9zb3VuZGNsb3VkLmNvbS9qYWNrc29uYnJlaXRtdXNpYy90ZWxsLW1lLXNvbWV0aGluZy1nb29kLXByb2QtY2FybmV5dmFsLWZlYXQtc29waGlhAApzb3VuZGNsb3VkAAAAAAAAAAA="}
2018-08-28 09:59:43.856  INFO 5352 --- [WebSocketWorker-19] lavalink.server.io.SocketServer          : {"op": "play", "guildId": "329993146651901952", "track": "QAAAxQIAO01hdHQgU2ltb25zIC0gQ2F0Y2ggJiBSZWxlYXNlIChEZWVwZW5kIFJlbWl4KSAtIFtPVVQgTk9XISFdAAdEZWVwZW5kAAAAAAAC+tIACTE5NDUxMDQwMQABAFNodHRwczovL3NvdW5kY2xvdWQuY29tL2RlZXBlbmRtdXNpYy9tYXR0LXNpbW9ucy1jYXRjaC1yZWxlYXNlLWRlZXBlbmQtcmVtaXgtb3V0LW5vdwAKc291bmRjbG91ZAAAAAAAAAAA"}
2018-08-28 10:00:45.897  INFO 5352 --- [WebSocketWorker-19] lavalink.server.io.SocketServer          : {"op": "pause", "guildId": "329993146651901952", "pause": true}
2018-08-28 10:21:22.351  INFO 5352 --- [WebSocketWorker-19] lavalink.server.io.SocketServer          : {"op": "pause", "guildId": "329993146651901952", "pause": false}
2018-08-28 10:23:37.528  INFO 5352 --- [WebSocketWorker-19] lavalink.server.io.SocketServer          : {"op": "play", "guildId": "329993146651901952", "track": "QAAAsgIAL0thc2thZGUgZnQuIElsc2V5IC0gRGlzYXJtIFlvdSAoSWxsZW5pdW0gUmVtaXgpAAhJTExFTklVTQAAAAAAA/ZHAAkyMjEwNTQ4MjIAAQBLaHR0cHM6Ly9zb3VuZGNsb3VkLmNvbS9pbGxlbml1bW9mZmljaWFsL2thc2thZGUtZGlzYXJtLXlvdS1pbGxlbml1bS1yZW1peC0xAApzb3VuZGNsb3VkAAAAAAAAAAA="}
2018-08-28 10:28:03.222  INFO 5352 --- [WebSocketWorker-19] lavalink.server.io.SocketServer          : {"op": "play", "guildId": "329993146651901952", "track": "QAAAggIAElN1bW1lcidzIERheS4gW3YyXQAHamluc2FuZwAAAAAAAsDCAAkxNjc1MDU1OTIAAQA5aHR0cHM6Ly9zb3VuZGNsb3VkLmNvbS9qaW5zYW5nYmVhdHMvc3VtbWVycy1kYXktdmVyc2lvbi0yAApzb3VuZGNsb3VkAAAAAAAAAAA="}
2018-08-28 10:31:06.986  INFO 5352 --- [WebSocketWorker-19] lavalink.server.io.SocketServer          : {"op": "play", "guildId": "329993146651901952", "track": "QAAAaQIABFdhcm0ADUpvZXkgUGVjb3Jhcm8AAAAAAAH+wwAJMjAxMjQ3NTAzAAEAKGh0dHBzOi8vc291bmRjbG91ZC5jb20vam9leXBlY29yYXJvL3dhcm0ACnNvdW5kY2xvdWQAAAAAAAAAAA=="}
2018-08-28 10:33:21.968  INFO 5352 --- [WebSocketWorker-19] lavalink.server.io.SocketServer          : {"op": "play", "guildId": "329993146651901952", "track": "QAAAeQIAIWJvcHAgW05PVyBPTiBTUE9USUZZLCBMSU5LIEJFTE9XXQAIRTY2UyDljbUAAAAAAADwvAAJMjUyMDkwOTU5AAEAIGh0dHBzOi8vc291bmRjbG91ZC5jb20vZTY2cy9ib3BwAApzb3VuZGNsb3VkAAAAAAAAAAA="}
2018-08-28 10:34:26.849  INFO 5352 --- [WebSocketWorker-19] lavalink.server.io.SocketServer          : {"op": "play", "guildId": "329993146651901952", "track": "QAAAdQIADEJsYWNrIENvZmZlZQAORWRvIExlZSDtoLztvL4AAAAAAAJ2KAAJMTI3MzM3NzI1AAEAK2h0dHBzOi8vc291bmRjbG91ZC5jb20vZWRvX2xlZS9ibGFjay1jb2ZmZWUACnNvdW5kY2xvdWQAAAAAAAAAAA=="}
2018-08-28 10:35:07.111  INFO 5352 --- [http-nio-0.0.0.0-2333-exec-9] l.server.player.AudioLoaderRestHandler   : GET /loadtracks
2018-08-28 10:35:07.541  INFO 5352 --- [WebSocketWorker-19] lavalink.server.io.SocketServer          : {"sessionId": "288ba4ce788ca9ba928ed6bdc819576c", "op": "voiceUpdate", "guildId": "290395754126770186", "event": {"token": "6911054409d2dbe3", "guild_id": "290395754126770186", "endpoint": "eu-central951.discord.gg:80"}}
2018-08-28 10:35:10.018  INFO 5352 --- [lava-daemon-pool-info-loader-2-thread-1] lavalink.server.player.AudioLoader       : Loaded playlist Chill Out 2018
2018-08-28 10:35:11.422  INFO 5352 --- [WebSocketWorker-19] lavalink.server.io.SocketServer          : {"op": "play", "guildId": "290395754126770186", "track": "QAAA0AIAOVRlbGwgTWUgU29tZXRoaW5nIEdvb2QgKHByb2QuICBieSBDYXJuZXl2YWwgZmVhdC4gU29waGlhKQANSmFja3NvbiBCcmVpdAAAAAAAAwZ0AAkyMDgyNzcyODkAAQBaaHR0cHM6Ly9zb3VuZGNsb3VkLmNvbS9qYWNrc29uYnJlaXRtdXNpYy90ZWxsLW1lLXNvbWV0aGluZy1nb29kLXByb2QtY2FybmV5dmFsLWZlYXQtc29waGlhAApzb3VuZGNsb3VkAAAAAAAAAAA="}
2018-08-28 10:37:08.293  INFO 5352 --- [WebSocketWorker-19] lavalink.server.io.SocketServer          : {"op": "play", "guildId": "329993146651901952", "track": "QAAAiAIAGEFsb25lIChqaW5zYW5nIHggYW1lYmEuKQAHamluc2FuZwAAAAAAAi5RAAkxNjA2OTE1NTcAAQA5aHR0cHM6Ly9zb3VuZGNsb3VkLmNvbS9qaW5zYW5nYmVhdHMvamluc2FuZy14LWFtZWJhLWFsb25lAApzb3VuZGNsb3VkAAAAAAAAAAA="}
2018-08-28 10:38:30.526  INFO 5352 --- [WebSocketWorker-19] lavalink.server.io.SocketServer          : {"op": "play", "guildId": "290395754126770186", "track": "QAAAxQIAO01hdHQgU2ltb25zIC0gQ2F0Y2ggJiBSZWxlYXNlIChEZWVwZW5kIFJlbWl4KSAtIFtPVVQgTk9XISFdAAdEZWVwZW5kAAAAAAAC+tIACTE5NDUxMDQwMQABAFNodHRwczovL3NvdW5kY2xvdWQuY29tL2RlZXBlbmRtdXNpYy9tYXR0LXNpbW9ucy1jYXRjaC1yZWxlYXNlLWRlZXBlbmQtcmVtaXgtb3V0LW5vdwAKc291bmRjbG91ZAAAAAAAAAAA"}
2018-08-28 10:39:31.835  INFO 5352 --- [WebSocketWorker-19] lavalink.server.io.SocketServer          : {"op": "play", "guildId": "329993146651901952", "track": "QAAAdQIADVRoZSBWaWJlIGphenoACUNyYXp5SmFaegAAAAAAAt50AAkzMjcwMjc5OTEAAQAvaHR0cHM6Ly9zb3VuZGNsb3VkLmNvbS9lZGR5ZnJhZGV0L3RoZS12aWJlLWphenoACnNvdW5kY2xvdWQAAAAAAAAAAA=="}
2018-08-28 10:41:45.939  INFO 5352 --- [WebSocketWorker-19] lavalink.server.io.SocketServer          : {"op": "play", "guildId": "290395754126770186", "track": "QAAAsgIAL0thc2thZGUgZnQuIElsc2V5IC0gRGlzYXJtIFlvdSAoSWxsZW5pdW0gUmVtaXgpAAhJTExFTklVTQAAAAAAA/ZHAAkyMjEwNTQ4MjIAAQBLaHR0cHM6Ly9zb3VuZGNsb3VkLmNvbS9pbGxlbml1bW9mZmljaWFsL2thc2thZGUtZGlzYXJtLXlvdS1pbGxlbml1bS1yZW1peC0xAApzb3VuZGNsb3VkAAAAAAAAAAA="}
2018-08-28 10:42:40.101  INFO 5352 --- [WebSocketWorker-19] lavalink.server.io.SocketServer          : {"op": "play", "guildId": "329993146651901952", "track": "QAAAdgIACGxvc3QgeW91ABBxdWlja2x5LCBxdWlja2x5AAAAAAAC0hsACTI5NTk5MDQ0OAABAC5odHRwczovL3NvdW5kY2xvdWQuY29tL3F1aWNrbHlxdWlja2x5L2xvc3QteW91AApzb3VuZGNsb3VkAAAAAAAAAAA="}
2018-08-28 10:45:45.508  INFO 5352 --- [WebSocketWorker-19] lavalink.server.io.SocketServer          : {"op": "play", "guildId": "329993146651901952", "track": "QAAAlAIAGlRoZSBFZGVuIFByb2plY3QgLSBDaXJjbGVzAA1TeXJlYnJhbFZpYmVzAAAAAAAENb8ACTE3NDY1NjkzMAABAD1odHRwczovL3NvdW5kY2xvdWQuY29tL3N5cmVicmFsdmliZXMvdGhlLWVkZW4tcHJvamVjdC1jaXJjbGVzAApzb3VuZGNsb3VkAAAAAAAAAAA="}
2018-08-28 10:46:07.810  INFO 5352 --- [WebSocketWorker-19] lavalink.server.io.SocketServer          : {"op": "play", "guildId": "290395754126770186", "track": "QAAAggIAElN1bW1lcidzIERheS4gW3YyXQAHamluc2FuZwAAAAAAAsDCAAkxNjc1MDU1OTIAAQA5aHR0cHM6Ly9zb3VuZGNsb3VkLmNvbS9qaW5zYW5nYmVhdHMvc3VtbWVycy1kYXktdmVyc2lvbi0yAApzb3VuZGNsb3VkAAAAAAAAAAA="}
2018-08-28 10:49:08.608  INFO 5352 --- [WebSocketWorker-19] lavalink.server.io.SocketServer          : {"op": "play", "guildId": "290395754126770186", "track": "QAAAdQIADVRoZSBWaWJlIGphenoACUNyYXp5SmFaegAAAAAAAt50AAkzMjcwMjc5OTEAAQAvaHR0cHM6Ly9zb3VuZGNsb3VkLmNvbS9lZGR5ZnJhZGV0L3RoZS12aWJlLWphenoACnNvdW5kY2xvdWQAAAAAAAAAAA=="}
2018-08-28 10:50:22.032  INFO 5352 --- [WebSocketWorker-19] lavalink.server.io.SocketServer          : {"op": "play", "guildId": "329993146651901952", "track": "QAAAlgIAHERhbnJlbGwgeCBTbcOlbGFuZCAtIEhvc3RhZ2UADUhJR0ggT04gTVVTSUMAAAAAAAL9eQAJMjA4NTk2MzQzAAEAPWh0dHBzOi8vc291bmRjbG91ZC5jb20vaGlnaG9ubXVzaWMxL2RhbnJlbGwteC1zbWFsYW5kLWhvc3RhZ2UACnNvdW5kY2xvdWQAAAAAAAAAAA=="}
2018-08-28 10:52:16.976  INFO 5352 --- [WebSocketWorker-19] lavalink.server.io.SocketServer          : {"op": "play", "guildId": "290395754126770186", "track": "QAAAkgIAKU3DlldFIC0gQmlyZHMgRmx5aW5nIEhpZ2ggKEZSRUUgRG93bmxvYWQpAAVNw5ZXRQAAAAAABLqfAAkxODc4MDU3NDcAAQA0aHR0cHM6Ly9zb3VuZGNsb3VkLmNvbS9tLXdlLTEvbW93ZS1iaXJkcy1mbHlpbmctaGlnaAAKc291bmRjbG91ZAAAAAAAAAAA"}
2018-08-28 10:52:48.155  INFO 5352 --- [WebSocketWorker-19] lavalink.server.io.SocketServer          : {"op": "play", "guildId": "290395754126770186", "track": "QAAAWgIABFRoaWkAA0NIRQAAAAAAAkHpAAkzNTYzNjA4MTkAAQAjaHR0cHM6Ly9zb3VuZGNsb3VkLmNvbS9jaGVlY3J1L3RoaWkACnNvdW5kY2xvdWQAAAAAAAAAAA=="}
2018-08-28 10:53:38.475  INFO 5352 --- [WebSocketWorker-19] lavalink.server.io.SocketServer          : {"op": "play", "guildId": "329993146651901952", "track": "QAAAkwIAJUhlYXRoZW4gLSAyMSBQaWxvdHMgKGtpZWZlciBCb290bGVnKikAB2tpZWZlci4AAAAAAALurQAJMjcwNTA0NDE1AAEAN2h0dHBzOi8vc291bmRjbG91ZC5jb20va2lkc2l6ZWQvaGVhdGhlbi0yMS1waWxvdHMtaGFodngACnNvdW5kY2xvdWQAAAAAAAAAAA=="}
2018-08-28 10:55:17.422  INFO 5352 --- [WebSocketWorker-19] lavalink.server.io.SocketServer          : {"op": "play", "guildId": "290395754126770186", "track": "QAAAeQIAIWJvcHAgW05PVyBPTiBTUE9USUZZLCBMSU5LIEJFTE9XXQAIRTY2UyDljbUAAAAAAADwvAAJMjUyMDkwOTU5AAEAIGh0dHBzOi8vc291bmRjbG91ZC5jb20vZTY2cy9ib3BwAApzb3VuZGNsb3VkAAAAAAAAAAA="}
2018-08-28 10:55:25.170  INFO 5352 --- [WebSocketWorker-19] lavalink.server.io.SocketServer          : {"op": "play", "guildId": "290395754126770186", "track": "QAAAbgIAGEJPRFkgKFByb2QuIGJ5IEBjaGVlY3J1KQADQ0hFAAAAAAACskQACTI1OTc2MTYzMAABACNodHRwczovL3NvdW5kY2xvdWQuY29tL2NoZWVjcnUvYm9keQAKc291bmRjbG91ZAAAAAAAAAAA"}
2018-08-28 10:55:35.885  INFO 5352 --- [WebSocketWorker-19] lavalink.server.io.SocketServer          : {"op": "stop", "guildId": "290395754126770186"}
2018-08-28 10:55:42.383  INFO 5352 --- [http-nio-0.0.0.0-2333-exec-2] l.server.player.AudioLoaderRestHandler   : GET /loadtracks
2018-08-28 10:55:44.934  INFO 5352 --- [lava-daemon-pool-info-loader-2-thread-1] lavalink.server.player.AudioLoader       : Loaded playlist Search results for: ain't my fault r3hab
2018-08-28 10:55:46.837  INFO 5352 --- [WebSocketWorker-19] lavalink.server.io.SocketServer          : {"op": "play", "guildId": "290395754126770186", "track": "QAAAkAIAK1phcmEgTGFyc3NvbiAtIEFpbid0IE15IEZhdWx0IChSM2hhYiBSZW1peCkAC1RyYXAgTmF0aW9uAAAAAAACcQAAC2dsNFBOcTZBNEJVAAEAK2h0dHBzOi8vd3d3LnlvdXR1YmUuY29tL3dhdGNoP3Y9Z2w0UE5xNkE0QlUAB3lvdXR1YmUAAAAAAAAAAA=="}
2018-08-28 10:56:50.932  INFO 5352 --- [WebSocketWorker-19] lavalink.server.io.SocketServer          : {"op": "play", "guildId": "329993146651901952", "track": "QAAAkAIAG09mdGVuLVdhdmVzIChTaWNraWNrIENoaWxsKQAHTkRCZWF0egAAAAAAAuaeAAkyNDkwMjMyMDMAAQA+aHR0cHM6Ly9zb3VuZGNsb3VkLmNvbS9uZWVrYW4tZG9haXkvb2Z0ZW4td2F2ZXMtc2lkZWtpY2stY2hpbGwACnNvdW5kY2xvdWQAAAAAAAAAAA=="}
2018-08-28 10:58:28.650  INFO 5352 --- [WebSocketWorker-19] lavalink.server.io.SocketServer          : {"op": "stop", "guildId": "290395754126770186"}
2018-08-28 11:00:02.124  INFO 5352 --- [WebSocketWorker-19] lavalink.server.io.SocketServer          : {"op": "play", "guildId": "329993146651901952", "track": "QAAAlAIAH0ZvckZ1biAtIERlIFJlcGVudGUgQ2FsaWbDs3JuaWEACU1UVmVzY3V0YQAAAAAAAuc7AAg3ODA1MjgzNAABAD1odHRwczovL3NvdW5kY2xvdWQuY29tL210dmVzY3V0YS9mb3JmdW4tZGUtcmVwZW50ZS1jYWxpZi1ybmlhAApzb3VuZGNsb3VkAAAAAAAAAAA="}
2018-08-28 11:00:17.193  INFO 5352 --- [http-nio-0.0.0.0-2333-exec-5] l.server.player.AudioLoaderRestHandler   : GET /loadtracks
2018-08-28 11:00:19.522  INFO 5352 --- [lava-daemon-pool-info-loader-2-thread-1] lavalink.server.player.AudioLoader       : Loaded playlist Search results for: stp rölli perustaa pp kerhon
2018-08-28 11:00:20.982  INFO 5352 --- [WebSocketWorker-19] lavalink.server.io.SocketServer          : {"op": "play", "guildId": "290395754126770186", "track": "QAAAgQIAHVNUUCBSw7ZsbGkgcGVydXN0YWEgUFAga2VyaG9uAApQYXNLYSBQb2p1AAAAAAACYWAAC1VHQWlnYTc5blNFAAEAK2h0dHBzOi8vd3d3LnlvdXR1YmUuY29tL3dhdGNoP3Y9VUdBaWdhNzluU0UAB3lvdXR1YmUAAAAAAAAAAA=="}
2018-08-28 11:00:58.339  INFO 5352 --- [WebSocketWorker-19] lavalink.server.io.SocketServer          : {"op": "seek", "guildId": "290395754126770186", "position": 30240}
2018-08-28 11:03:05.833  INFO 5352 --- [WebSocketWorker-19] lavalink.server.io.SocketServer          : {"op": "stop", "guildId": "290395754126770186"}
2018-08-28 11:03:18.517  INFO 5352 --- [WebSocketWorker-19] lavalink.server.io.SocketServer          : {"op": "play", "guildId": "329993146651901952", "track": "QAAAsgIAMExpdSwgSG9sbG93IENvdmVzIGFuZCBXb2FrIC0gQ29hc3RsaW5lIFtPVVQgTk9XXQAGU09VUkNFAAAAAAACyVMACTM0NjY4OTc5MQABAExodHRwczovL3NvdW5kY2xvdWQuY29tL3NvdXJjZS1yZWNvcmRpbmdzL2xpdS1ob2xsb3ctY292ZXMtYW5kLXdvYWstY29hc3RsaW5lAApzb3VuZGNsb3VkAAAAAAAAAAA="}
2018-08-28 11:06:23.850  INFO 5352 --- [WebSocketWorker-19] lavalink.server.io.SocketServer          : {"op": "play", "guildId": "329993146651901952", "track": "QAAAkgIAKU3DlldFIC0gQmlyZHMgRmx5aW5nIEhpZ2ggKEZSRUUgRG93bmxvYWQpAAVNw5ZXRQAAAAAABLqfAAkxODc4MDU3NDcAAQA0aHR0cHM6Ly9zb3VuZGNsb3VkLmNvbS9tLXdlLTEvbW93ZS1iaXJkcy1mbHlpbmctaGlnaAAKc291bmRjbG91ZAAAAAAAAAAA"}
2018-08-28 11:11:39.456  INFO 5352 --- [WebSocketWorker-19] lavalink.server.io.SocketServer          : {"op": "play", "guildId": "329993146651901952", "track": "QAAAwQIANFNhbSBGZWxkdCBmdC4gS2ltYmVybHkgQW5uZSAtIFNob3cgTWUgTG92ZSAoT3V0IE5vdykADVNwaW5uaW4nIERlZXAAAAAAAAMqLQAJMTg2OTgzMzg0AAEAUGh0dHBzOi8vc291bmRjbG91ZC5jb20vc3Bpbm5pbi1kZWVwL3NhbS1mZWxkdC1zaG93LW1lLWxvdmUtYXZhaWxhYmxlLWZlYnJ1YXJ5LTE2AApzb3VuZGNsb3VkAAAAAAAAAAA="}
2018-08-28 11:15:09.900  INFO 5352 --- [WebSocketWorker-19] lavalink.server.io.SocketServer          : {"op": "play", "guildId": "329993146651901952", "track": "QAAA7AIAQlZpamF5ICYgU29maWEgWmxhdGtvLCBLYXPDumFsIGZlYXQuIFhhdmllciBEdW5uIC0gRnVja2luJyBQcm9ibGVtcwAPVmlqYXkgYW5kIFNvZmlhAAAAAAAFUq0ACTE3NzUwOTg5NgABAGtodHRwczovL3NvdW5kY2xvdWQuY29tL3ZpamF5YW5kc29maWEvYWFwLXJvY2t5LWZraW4tcHJvYmxlbXMtZnQteGF2aWVyLWR1bm4tdmlqYXktc29maWEtemxhdGtvLWthc3VhbC1yZW1peAAKc291bmRjbG91ZAAAAAAAAAAA"}
2018-08-28 11:21:04.174  INFO 5352 --- [WebSocketWorker-19] lavalink.server.io.SocketServer          : {"op": "play", "guildId": "329993146651901952", "track": "QAABFgIAXlN1bW1lciBTcGVjaWFsIFN1cGVyIE1peCAyMDE4IC0gQmVzdCBPZiBEZWVwIEhvdXNlIFNlc3Npb25zIE11c2ljIDIwMTggQ2hpbGwgT3V0IE1peCBieSBEcm9wIEcADeG0sOG0tiBEcm9wIEcAAAAAAWNX0AAJNDE2MzU0MjUwAAEAe2h0dHBzOi8vc291bmRjbG91ZC5jb20vZGpkcm9wZy9zdW1tZXItc3BlY2lhbC1zdXBlci1taXgtMjAxOC1iZXN0LW9mLWRlZXAtaG91c2Utc2Vzc2lvbnMtbXVzaWMtMjAxOC1jaGlsbC1vdXQtbWl4LWJ5LWRyb3AtZwAKc291bmRjbG91ZAAAAAAAAAAA"}
2018-08-28 12:03:07.656  INFO 5352 --- [WebSocketWorker-19] lavalink.server.io.SocketServer          : {"op": "stop", "guildId": "290395754126770186"}
2018-08-28 12:09:03.614  INFO 5352 --- [http-nio-0.0.0.0-2333-exec-8] l.server.player.AudioLoaderRestHandler   : GET /loadtracks
2018-08-28 12:09:03.941  INFO 5352 --- [WebSocketWorker-19] lavalink.server.io.SocketServer          : {"sessionId": "288ba4ce788ca9ba928ed6bdc819576c", "op": "voiceUpdate", "guildId": "264445053596991498", "event": {"token": "cfa8a11ca8a07ba1", "guild_id": "264445053596991498", "endpoint": "eu-west236.discord.gg:80"}}
2018-08-28 12:09:06.329  INFO 5352 --- [lava-daemon-pool-info-loader-2-thread-1] lavalink.server.player.AudioLoader       : Loaded playlist Search results for: how long
2018-08-28 12:09:08.316  INFO 5352 --- [WebSocketWorker-19] lavalink.server.io.SocketServer          : {"op": "play", "guildId": "264445053596991498", "track": "QAAAkAIAKkNoYXJsaWUgUHV0aCAtICJIb3cgTG9uZyIgW09mZmljaWFsIFZpZGVvXQAMQ2hhcmxpZSBQdXRoAAAAAAADODgAC0N3Zm95VmE5ODBVAAEAK2h0dHBzOi8vd3d3LnlvdXR1YmUuY29tL3dhdGNoP3Y9Q3dmb3lWYTk4MFUAB3lvdXR1YmUAAAAAAAAAAA=="}
2018-08-28 12:12:44.362  INFO 5352 --- [WebSocketWorker-19] lavalink.server.io.SocketServer          : {"op": "stop", "guildId": "264445053596991498"}
2018-08-28 12:13:57.149  INFO 5352 --- [http-nio-0.0.0.0-2333-exec-1] l.server.player.AudioLoaderRestHandler   : GET /loadtracks
2018-08-28 12:13:59.571  INFO 5352 --- [lava-daemon-pool-info-loader-2-thread-1] lavalink.server.player.AudioLoader       : Loaded playlist Search results for: mad love
2018-08-28 12:14:01.446  INFO 5352 --- [WebSocketWorker-19] lavalink.server.io.SocketServer          : {"op": "play", "guildId": "264445053596991498", "track": "QAAAkQIALlNlYW4gUGF1bCwgRGF2aWQgR3VldHRhIC0gTWFkIExvdmUgZnQuIEJlY2t5IEcACVNlYW4gUGF1bAAAAAAAAw1AAAttbGY0YmlkcDJ5YwABACtodHRwczovL3d3dy55b3V0dWJlLmNvbS93YXRjaD92PW1sZjRiaWRwMnljAAd5b3V0dWJlAAAAAAAAAAA="}
2018-08-28 12:15:50.729  INFO 5352 --- [WebSocketWorker-19] lavalink.server.io.SocketServer          : {"op": "stop", "guildId": "264445053596991498"}
2018-08-28 12:48:48.010  INFO 5352 --- [http-nio-0.0.0.0-2333-exec-4] l.server.player.AudioLoaderRestHandler   : GET /loadtracks
2018-08-28 12:48:48.336  INFO 5352 --- [WebSocketWorker-19] lavalink.server.io.SocketServer          : {"sessionId": "288ba4ce788ca9ba928ed6bdc819576c", "op": "voiceUpdate", "guildId": "264445053596991498", "event": {"token": "6055a97246b24a1a", "guild_id": "264445053596991498", "endpoint": "eu-west236.discord.gg:80"}}
2018-08-28 12:48:49.970  INFO 5352 --- [lava-daemon-pool-info-loader-2-thread-1] lavalink.server.player.AudioLoader       : Loaded playlist Search results for: ali a intro
2018-08-28 12:48:51.724  INFO 5352 --- [WebSocketWorker-19] lavalink.server.io.SocketServer          : {"op": "play", "guildId": "264445053596991498", "track": "QAAAhQIAH0FsaS1BIEZVTEwgSU5UUk8gTVVTSUMgMTAgSE9VUlMADDEwSG91cnMgTG9vcAAAAAACJVy4AAt5OThEZTQ1QTk0WQABACtodHRwczovL3d3dy55b3V0dWJlLmNvbS93YXRjaD92PXk5OERlNDVBOTRZAAd5b3V0dWJlAAAAAAAAAAA="}
2018-08-28 12:49:15.292  INFO 5352 --- [WebSocketWorker-19] lavalink.server.io.SocketServer          : {"op": "stop", "guildId": "264445053596991498"}
2018-08-28 12:50:29.651  INFO 5352 --- [http-nio-0.0.0.0-2333-exec-7] l.server.player.AudioLoaderRestHandler   : GET /loadtracks
2018-08-28 12:50:30.824  INFO 5352 --- [lava-daemon-pool-info-loader-2-thread-1] lavalink.server.player.AudioLoader       : Loaded playlist Search results for: superheroes
2018-08-28 12:50:31.203  INFO 5352 --- [WebSocketWorker-19] lavalink.server.io.SocketServer          : {"op": "play", "guildId": "264445053596991498", "track": "QAAAjQIAKVRoZSBTY3JpcHQgLSBTdXBlcmhlcm9lcyAoT2ZmaWNpYWwgVmlkZW8pAApUaGUgU2NyaXB0AAAAAAAELlAAC1dJbTFHZ2ZSejZNAAEAK2h0dHBzOi8vd3d3LnlvdXR1YmUuY29tL3dhdGNoP3Y9V0ltMUdnZlJ6Nk0AB3lvdXR1YmUAAAAAAAAAAA=="}
2018-08-28 12:55:07.196  INFO 5352 --- [WebSocketWorker-19] lavalink.server.io.SocketServer          : {"op": "stop", "guildId": "264445053596991498"}
2018-08-28 12:55:47.628  INFO 5352 --- [http-nio-0.0.0.0-2333-exec-10] l.server.player.AudioLoaderRestHandler   : GET /loadtracks
2018-08-28 12:55:49.697  INFO 5352 --- [lava-daemon-pool-info-loader-2-thread-1] lavalink.server.player.AudioLoader       : Loaded playlist Search results for: r3hab work
2018-08-28 12:55:51.460  INFO 5352 --- [WebSocketWorker-19] lavalink.server.io.SocketServer          : {"op": "play", "guildId": "264445053596991498", "track": "QAAAhQIAJlJpaGFubmEgZnQuIERyYWtlIC0gV29yayAoUjNoYWIgUmVtaXgpAAVSM0hBQgAAAAAAA19IAAtZcVpuc0NrSzFjVQABACtodHRwczovL3d3dy55b3V0dWJlLmNvbS93YXRjaD92PVlxWm5zQ2tLMWNVAAd5b3V0dWJlAAAAAAAAAAA="}
2018-08-28 12:59:33.544  INFO 5352 --- [WebSocketWorker-19] lavalink.server.io.SocketServer          : {"op": "stop", "guildId": "264445053596991498"}
2018-08-28 13:00:58.426  INFO 5352 --- [http-nio-0.0.0.0-2333-exec-3] l.server.player.AudioLoaderRestHandler   : GET /loadtracks
2018-08-28 13:01:00.909  INFO 5352 --- [lava-daemon-pool-info-loader-2-thread-1] lavalink.server.player.AudioLoader       : Loaded playlist Search results for: tunnel vision mads langer
2018-08-28 13:01:02.876  INFO 5352 --- [WebSocketWorker-19] lavalink.server.io.SocketServer          : {"op": "play", "guildId": "264445053596991498", "track": "QAAAkwIAK01hZHMgTGFuZ2VyIC0gVHVubmVsIFZpc2lvbiAoT21uaW1heCB2aWRlbykADm1hZHNsYW5nZXJWRVZPAAAAAAADIMgAC016THR1WEprNnUwAAEAK2h0dHBzOi8vd3d3LnlvdXR1YmUuY29tL3dhdGNoP3Y9TXpMdHVYSms2dTAAB3lvdXR1YmUAAAAAAAAAAA=="}
2018-08-28 13:04:30.060  INFO 5352 --- [WebSocketWorker-19] lavalink.server.io.SocketServer          : {"op": "stop", "guildId": "264445053596991498"}
2018-08-28 13:09:54.854  INFO 5352 --- [http-nio-0.0.0.0-2333-exec-6] l.server.player.AudioLoaderRestHandler   : GET /loadtracks
2018-08-28 13:09:57.445  INFO 5352 --- [lava-daemon-pool-info-loader-2-thread-1] lavalink.server.player.AudioLoader       : Loaded playlist Search results for: this love
2018-08-28 13:09:58.429  INFO 5352 --- [WebSocketWorker-19] lavalink.server.io.SocketServer          : {"op": "play", "guildId": "264445053596991498", "track": "QAAAdgIAFE1hcm9vbiA1IC0gVGhpcyBMb3ZlAAhNYXJvb24gNQAAAAAAAxj4AAtYUHBUZ0NobzVaQQABACtodHRwczovL3d3dy55b3V0dWJlLmNvbS93YXRjaD92PVhQcFRnQ2hvNVpBAAd5b3V0dWJlAAAAAAAAAAA="}
2018-08-28 13:10:09.359  INFO 5352 --- [WebSocketWorker-19] lavalink.server.io.SocketServer          : {"op": "stop", "guildId": "264445053596991498"}
2018-08-28 13:10:17.079  INFO 5352 --- [WebSocketWorker-19] lavalink.server.io.SocketServer          : {"op": "stop", "guildId": "264445053596991498"}
2018-08-28 13:11:54.176  INFO 5352 --- [WebSocketWorker-19] lavalink.server.io.SocketServer          : {"op": "stop", "guildId": "329993146651901952"}
2018-08-28 13:12:35.013  INFO 5352 --- [WebSocketSelector-23] lavalink.server.io.SocketServer          : Connection closed from /0:0:0:0:0:0:0:1:53352 with protocol Draft_6455 extension: DefaultExtension protocol:  with reason An existing connection was forcibly closed by the remote host with code 1006
2018-08-28 13:12:35.015  INFO 5352 --- [WebSocketSelector-23] lavalink.server.io.SocketContext         : Shutting down 1 cores and 0 playing players.
2018-08-28 13:12:35.021  INFO 5352 --- [WebSocketSelector-23] c.s.d.l.tools.GarbageCollectionMonitor   : GC monitoring disabled.
2018-08-28 13:13:05.824  INFO 5352 --- [WebSocketWorker-20] lavalink.server.io.SocketServer          : Connection opened from /0:0:0:0:0:0:0:1:54542 with protocol Draft_6455 extension: DefaultExtension protocol: 
2018-08-28 13:13:05.834  INFO 5352 --- [WebSocketWorker-20] c.s.d.l.tools.GarbageCollectionMonitor   : GC monitoring enabled, reporting results every 2 minutes.
2018-08-28 13:28:08.568  INFO 5352 --- [shutdown hook] lavalink.server.Launcher                 : Shutdown hook triggered
2018-08-28 13:28:08.573  INFO 5352 --- [shutdown hook] lavalink.server.io.SocketServer          : Connection closed from /0:0:0:0:0:0:0:1:54542 with protocol Draft_6455 extension: DefaultExtension protocol:  with reason  with code 1001
2018-08-28 13:28:08.575  INFO 5352 --- [shutdown hook] lavalink.server.io.SocketContext         : Shutting down 0 cores and 0 playing players.
2018-08-28 13:28:08.587  INFO 5352 --- [shutdown hook] c.s.d.l.tools.GarbageCollectionMonitor   : GC monitoring disabled.
2018-08-28 13:28:08.592  INFO 5352 --- [Thread-8] c.s.d.l.tools.GarbageCollectionMonitor   : GC monitoring disabled.
2018-08-28 13:28:56.776  INFO 4744 --- [main] lavalink.server.Launcher                 : 

[32m       .  [31m _                  _ _       _    [32m__ _ _
[32m      /\\ [31m| | __ ___   ____ _| (_)_ __ | | __[32m\ \ \ \
[32m     ( ( )[31m| |/ _` \ \ / / _` | | | '_ \| |/ /[32m \ \ \ \
[32m      \\/ [31m| | (_| |\ V / (_| | | | | | |   < [32m  ) ) ) )
[32m       '  [31m|_|\__,_| \_/ \__,_|_|_|_| |_|_|\_\[32m / / / /
[0m    =========================================[32m/_/_/_/[0m

	Version:        5dc0e84f3f54b0a12e5115f3b8899ffd4df22a80-SNAPSHOT
	Build:          616
	Build time:     25.08.2018 13:29:12 CEST
	Branch          master
	Commit:         5dc0e84
	Commit time:    25.08.2018 13:27:05 CEST
	JVM:            10.0.2
	Lavaplayer      1.3.7

2018-08-28 13:28:57.507  INFO 4744 --- [main] o.s.boot.SpringApplication               :        .   _                  _ _       _    __ _ _
      /\\ | | __ ___   ____ _| (_)_ __ | | __\ \ \ \
     ( ( )| |/ _` \ \ / / _` | | | '_ \| |/ / \ \ \ \
      \\/ | | (_| |\ V / (_| | | | | | |   <   ) ) ) )
       '  |_|\__,_| \_/ \__,_|_|_|_| |_|_|\_\ / / / /
    =========================================/_/_/_/

    :: Lavalink    ::       
    :: Spring Boot ::        (v2.0.2.RELEASE)


2018-08-28 13:28:58.464  INFO 4744 --- [main] lavalink.server.Launcher                 : Starting Launcher on DESKTOP-I6DQEUQ with PID 4744 (C:\Users\Veeti\Desktop\coding\python\discord.py\putin\Lavalink.jar started by Veeti in C:\Users\Veeti\Desktop\coding\python\discord.py\putin)
2018-08-28 13:28:58.523  INFO 4744 --- [main] lavalink.server.Launcher                 : No active profile set, falling back to default profiles: default
2018-08-28 13:28:59.149  INFO 4744 --- [main] ConfigServletWebServerApplicationContext : Refreshing org.springframework.boot.web.servlet.context.AnnotationConfigServletWebServerApplicationContext@87a85e1: startup date [Tue Aug 28 13:28:59 EEST 2018]; root of context hierarchy
2018-08-28 13:29:06.763  INFO 4744 --- [main] o.s.b.w.embedded.tomcat.TomcatWebServer  : Tomcat initialized with port(s): 2333 (http)
2018-08-28 13:29:06.861  INFO 4744 --- [main] o.apache.catalina.core.StandardService   : Starting service [Tomcat]
2018-08-28 13:29:06.865  INFO 4744 --- [main] org.apache.catalina.core.StandardEngine  : Starting Servlet Engine: Apache Tomcat/8.5.31
2018-08-28 13:29:06.909  INFO 4744 --- [localhost-startStop-1] o.a.catalina.core.AprLifecycleListener   : The APR based Apache Tomcat Native library which allows optimal performance in production environments was not found on the java.library.path: [C:\Program Files (x86)\Common Files\Oracle\Java\javapath;C:\WINDOWS\Sun\Java\bin;C:\WINDOWS\system32;C:\WINDOWS;C:\Program Files\ImageMagick-7.0.8-Q16;C:\Program Files (x86)\Common Files\Oracle\Java\javapath;C:\WINDOWS\system32;C:\WINDOWS;C:\WINDOWS\System32\Wbem;C:\WINDOWS\System32\WindowsPowerShell\v1.0\;C:\Program Files\Git\cmd;C:\WINDOWS\System32\OpenSSH\;C:\Program Files\nodejs\;C:\PostgreSQL\pg10\bin;C:\Program Files\Microsoft VS Code\bin;C:\Program Files (x86)\Brackets\command;C:\PostgreSQL\pg10\lib;C:\Program Files (x86)\Microsoft Visual Studio\2017\Professional\SDK\ScopeCppSDK\SDK\bin;C:\Users\Veeti\AppData\Local\Programs\Python\Python36-32\Scripts\;C:\Users\Veeti\AppData\Local\Programs\Python\Python36-32\;C:\Users\Veeti\AppData\Local\Microsoft\WindowsApps;C:\Program Files\Microsoft VS Code\bin;C:\Program Files\heroku\bin;C:\Users\Veeti\AppData\Local\Programs\Python\Python36-32;C:\Users\Veeti\AppData\Local\Programs\Python\Python36-32\Scripts;C:\Users\Veeti\AppData\Local\atom\bin;C:\ffmpeg\bin;C:\Users\Veeti\AppData\Local\Microsoft\WindowsApps;C:\Users\Veeti\AppData\Roaming\npm;C:\Users\Veeti\AppData\Local\GitHubDesktop\bin;C:\Users\Veeti\AppData\Local\Programs\Microsoft VS Code\bin;.]
2018-08-28 13:29:07.209  INFO 4744 --- [localhost-startStop-1] o.a.c.c.C.[Tomcat].[localhost].[/]       : Initializing Spring embedded WebApplicationContext
2018-08-28 13:29:07.211  INFO 4744 --- [localhost-startStop-1] o.s.web.context.ContextLoader            : Root WebApplicationContext: initialization completed in 8063 ms
2018-08-28 13:29:08.062  INFO 4744 --- [localhost-startStop-1] o.s.b.w.servlet.ServletRegistrationBean  : Servlet dispatcherServlet mapped to [/]
2018-08-28 13:29:08.086  INFO 4744 --- [localhost-startStop-1] o.s.b.w.servlet.FilterRegistrationBean   : Mapping filter: 'characterEncodingFilter' to: [/*]
2018-08-28 13:29:08.097  INFO 4744 --- [localhost-startStop-1] o.s.b.w.servlet.FilterRegistrationBean   : Mapping filter: 'hiddenHttpMethodFilter' to: [/*]
2018-08-28 13:29:08.132  INFO 4744 --- [localhost-startStop-1] o.s.b.w.servlet.FilterRegistrationBean   : Mapping filter: 'httpPutFormContentFilter' to: [/*]
2018-08-28 13:29:08.152  INFO 4744 --- [localhost-startStop-1] o.s.b.w.servlet.FilterRegistrationBean   : Mapping filter: 'requestContextFilter' to: [/*]
2018-08-28 13:29:08.568  INFO 4744 --- [main] l.s.c.AudioSendFactoryConfiguration      : OS: Windows 10, Arch: amd64
2018-08-28 13:29:08.570  INFO 4744 --- [main] l.s.c.AudioSendFactoryConfiguration      : JDA-NAS supported system detected. Enabled native audio sending.
2018-08-28 13:29:08.574  INFO 4744 --- [main] l.s.c.AudioSendFactoryConfiguration      : Setting buffer to 400ms
2018-08-28 13:29:08.584  INFO 4744 --- [main] l.s.c.AudioSendFactoryConfiguration      : Setting playlist load limit to 600
2018-08-28 13:29:08.738  INFO 4744 --- [WebSocketSelector-23] lavalink.server.io.SocketServer          : Started WS server with port 80
2018-08-28 13:29:10.671  INFO 4744 --- [WebSocketWorker-19] lavalink.server.io.SocketServer          : Connection opened from /0:0:0:0:0:0:0:1:54844 with protocol Draft_6455 extension: DefaultExtension protocol: 
2018-08-28 13:29:10.978  INFO 4744 --- [WebSocketWorker-19] c.s.d.l.tools.GarbageCollectionMonitor   : GC monitoring enabled, reporting results every 2 minutes.
2018-08-28 13:29:10.979  INFO 4744 --- [main] c.s.d.l.tools.GarbageCollectionMonitor   : GC monitoring enabled, reporting results every 2 minutes.
2018-08-28 13:29:11.098  WARN 4744 --- [main] l.server.config.SentryConfiguration      : Turning off sentry
2018-08-28 13:29:11.791  INFO 4744 --- [main] o.s.w.s.handler.SimpleUrlHandlerMapping  : Mapped URL path [/**/favicon.ico] onto handler of type [class org.springframework.web.servlet.resource.ResourceHttpRequestHandler]
2018-08-28 13:29:13.033  INFO 4744 --- [main] s.w.s.m.m.a.RequestMappingHandlerAdapter : Looking for @ControllerAdvice: org.springframework.boot.web.servlet.context.AnnotationConfigServletWebServerApplicationContext@87a85e1: startup date [Tue Aug 28 13:28:59 EEST 2018]; root of context hierarchy
2018-08-28 13:29:13.633  INFO 4744 --- [main] s.w.s.m.m.a.RequestMappingHandlerMapping : Mapped "{[/debug/nashorn],methods=[POST]}" onto public java.lang.String lavalink.server.util.DebugRestHandler.getLoadTracks(javax.servlet.http.HttpServletRequest,javax.servlet.http.HttpServletResponse,java.lang.String,java.lang.String)
2018-08-28 13:29:13.699  INFO 4744 --- [main] s.w.s.m.m.a.RequestMappingHandlerMapping : Mapped "{[/loadtracks],methods=[GET],produces=[application/json]}" onto public java.util.concurrent.CompletionStage<org.springframework.http.ResponseEntity<java.lang.String>> lavalink.server.player.AudioLoaderRestHandler.getLoadTracks(javax.servlet.http.HttpServletRequest,java.lang.String)
2018-08-28 13:29:13.711  INFO 4744 --- [main] s.w.s.m.m.a.RequestMappingHandlerMapping : Mapped "{[/decodetrack],methods=[GET],produces=[application/json]}" onto public org.springframework.http.ResponseEntity<java.lang.String> lavalink.server.player.AudioLoaderRestHandler.getDecodeTrack(javax.servlet.http.HttpServletRequest,java.lang.String) throws java.io.IOException
2018-08-28 13:29:13.724  INFO 4744 --- [main] s.w.s.m.m.a.RequestMappingHandlerMapping : Mapped "{[/decodetracks],methods=[POST],consumes=[application/json],produces=[application/json]}" onto public org.springframework.http.ResponseEntity<java.lang.String> lavalink.server.player.AudioLoaderRestHandler.postDecodeTracks(javax.servlet.http.HttpServletRequest,java.lang.String) throws java.io.IOException
2018-08-28 13:29:13.754  INFO 4744 --- [main] s.w.s.m.m.a.RequestMappingHandlerMapping : Mapped "{[/error]}" onto public org.springframework.http.ResponseEntity<java.util.Map<java.lang.String, java.lang.Object>> org.springframework.boot.autoconfigure.web.servlet.error.BasicErrorController.error(javax.servlet.http.HttpServletRequest)
2018-08-28 13:29:13.769  INFO 4744 --- [main] s.w.s.m.m.a.RequestMappingHandlerMapping : Mapped "{[/error],produces=[text/html]}" onto public org.springframework.web.servlet.ModelAndView org.springframework.boot.autoconfigure.web.servlet.error.BasicErrorController.errorHtml(javax.servlet.http.HttpServletRequest,javax.servlet.http.HttpServletResponse)
2018-08-28 13:29:13.974  INFO 4744 --- [main] o.s.w.s.handler.SimpleUrlHandlerMapping  : Mapped URL path [/webjars/**] onto handler of type [class org.springframework.web.servlet.resource.ResourceHttpRequestHandler]
2018-08-28 13:29:13.978  INFO 4744 --- [main] o.s.w.s.handler.SimpleUrlHandlerMapping  : Mapped URL path [/**] onto handler of type [class org.springframework.web.servlet.resource.ResourceHttpRequestHandler]
2018-08-28 13:29:15.338  INFO 4744 --- [main] o.s.j.e.a.AnnotationMBeanExporter        : Registering beans for JMX exposure on startup
2018-08-28 13:29:15.650  INFO 4744 --- [main] o.s.b.w.embedded.tomcat.TomcatWebServer  : Tomcat started on port(s): 2333 (http) with context path ''
2018-08-28 13:29:15.719  INFO 4744 --- [main] lavalink.server.Launcher                 : Started Launcher in 24.156 seconds (JVM running for 27.142)
